CRITICAL - 2021-01-17 00:54:07 --> Invalid file: main/User.php
#0 C:\Project\PHPProjects\CIProjects\login_register\system\View\View.php(228): CodeIgniter\Exceptions\FrameworkException::forInvalidFile('main/User.php')
#1 C:\Project\PHPProjects\CIProjects\login_register\system\Common.php(1119): CodeIgniter\View\View->render('main/User', Array, true)
#2 C:\Project\PHPProjects\CIProjects\login_register\app\Controllers\User.php(31): view('main/User', Array)
#3 C:\Project\PHPProjects\CIProjects\login_register\system\CodeIgniter.php(918): App\Controllers\User->index()
#4 C:\Project\PHPProjects\CIProjects\login_register\system\CodeIgniter.php(404): CodeIgniter\CodeIgniter->runController(Object(App\Controllers\User))
#5 C:\Project\PHPProjects\CIProjects\login_register\system\CodeIgniter.php(312): CodeIgniter\CodeIgniter->handleRequest(NULL, Object(Config\Cache), false)
#6 C:\Project\PHPProjects\CIProjects\login_register\public\index.php(45): CodeIgniter\CodeIgniter->run()
#7 C:\Project\PHPProjects\CIProjects\login_register\system\Commands\Server\rewrite.php(34): require_once('C:\\Project\\PHPP...')
#8 {main}
CRITICAL - 2021-01-17 01:00:31 --> Undefined property: stdClass::$id
#0 C:\Project\PHPProjects\CIProjects\login_register\app\Views\main\user_data.php(55): CodeIgniter\Debug\Exceptions->errorHandler(8, 'Undefined prope...', 'C:\\Project\\PHPP...', 55, Array)
#1 C:\Project\PHPProjects\CIProjects\login_register\system\View\View.php(246): include('C:\\Project\\PHPP...')
#2 C:\Project\PHPProjects\CIProjects\login_register\system\Common.php(1119): CodeIgniter\View\View->render('main/user_data', Array, true)
#3 C:\Project\PHPProjects\CIProjects\login_register\app\Controllers\User.php(31): view('main/user_data', Array)
#4 C:\Project\PHPProjects\CIProjects\login_register\system\CodeIgniter.php(918): App\Controllers\User->index()
#5 C:\Project\PHPProjects\CIProjects\login_register\system\CodeIgniter.php(404): CodeIgniter\CodeIgniter->runController(Object(App\Controllers\User))
#6 C:\Project\PHPProjects\CIProjects\login_register\system\CodeIgniter.php(312): CodeIgniter\CodeIgniter->handleRequest(NULL, Object(Config\Cache), false)
#7 C:\Project\PHPProjects\CIProjects\login_register\public\index.php(45): CodeIgniter\CodeIgniter->run()
#8 C:\Project\PHPProjects\CIProjects\login_register\system\Commands\Server\rewrite.php(34): require_once('C:\\Project\\PHPP...')
#9 {main}
CRITICAL - 2021-01-17 02:05:49 --> Column 'level' cannot be null
#0 C:\Project\PHPProjects\CIProjects\login_register\system\Database\MySQLi\Connection.php(331): mysqli->query('INSERT INTO `us...')
#1 C:\Project\PHPProjects\CIProjects\login_register\system\Database\BaseConnection.php(741): CodeIgniter\Database\MySQLi\Connection->execute('INSERT INTO `us...')
#2 C:\Project\PHPProjects\CIProjects\login_register\system\Database\BaseConnection.php(669): CodeIgniter\Database\BaseConnection->simpleQuery('INSERT INTO `us...')
#3 C:\Project\PHPProjects\CIProjects\login_register\system\Database\BaseBuilder.php(2249): CodeIgniter\Database\BaseConnection->query('INSERT INTO `us...', Array, false)
#4 C:\Project\PHPProjects\CIProjects\login_register\system\Model.php(755): CodeIgniter\Database\BaseBuilder->insert()
#5 C:\Project\PHPProjects\CIProjects\login_register\app\Controllers\User.php(125): CodeIgniter\Model->insert(Array)
#6 C:\Project\PHPProjects\CIProjects\login_register\system\CodeIgniter.php(918): App\Controllers\User->add()
#7 C:\Project\PHPProjects\CIProjects\login_register\system\CodeIgniter.php(404): CodeIgniter\CodeIgniter->runController(Object(App\Controllers\User))
#8 C:\Project\PHPProjects\CIProjects\login_register\system\CodeIgniter.php(312): CodeIgniter\CodeIgniter->handleRequest(NULL, Object(Config\Cache), false)
#9 C:\Project\PHPProjects\CIProjects\login_register\public\index.php(45): CodeIgniter\CodeIgniter->run()
#10 C:\Project\PHPProjects\CIProjects\login_register\system\Commands\Server\rewrite.php(34): require_once('C:\\Project\\PHPP...')
#11 {main}
CRITICAL - 2021-01-17 02:15:54 --> Invalid file: user/tambah/.php
#0 C:\Project\PHPProjects\CIProjects\login_register\system\View\View.php(228): CodeIgniter\Exceptions\FrameworkException::forInvalidFile('user/tambah/.ph...')
#1 C:\Project\PHPProjects\CIProjects\login_register\system\Common.php(1119): CodeIgniter\View\View->render('user/tambah/', Array, true)
#2 C:\Project\PHPProjects\CIProjects\login_register\app\Controllers\User.php(112): view('user/tambah/', Array)
#3 C:\Project\PHPProjects\CIProjects\login_register\system\CodeIgniter.php(918): App\Controllers\User->add()
#4 C:\Project\PHPProjects\CIProjects\login_register\system\CodeIgniter.php(404): CodeIgniter\CodeIgniter->runController(Object(App\Controllers\User))
#5 C:\Project\PHPProjects\CIProjects\login_register\system\CodeIgniter.php(312): CodeIgniter\CodeIgniter->handleRequest(NULL, Object(Config\Cache), false)
#6 C:\Project\PHPProjects\CIProjects\login_register\public\index.php(45): CodeIgniter\CodeIgniter->run()
#7 C:\Project\PHPProjects\CIProjects\login_register\system\Commands\Server\rewrite.php(34): require_once('C:\\Project\\PHPP...')
#8 {main}
CRITICAL - 2021-01-17 02:16:06 --> Invalid file: user/tambah.php
#0 C:\Project\PHPProjects\CIProjects\login_register\system\View\View.php(228): CodeIgniter\Exceptions\FrameworkException::forInvalidFile('user/tambah.php')
#1 C:\Project\PHPProjects\CIProjects\login_register\system\Common.php(1119): CodeIgniter\View\View->render('user/tambah', Array, true)
#2 C:\Project\PHPProjects\CIProjects\login_register\app\Controllers\User.php(112): view('user/tambah', Array)
#3 C:\Project\PHPProjects\CIProjects\login_register\system\CodeIgniter.php(918): App\Controllers\User->add()
#4 C:\Project\PHPProjects\CIProjects\login_register\system\CodeIgniter.php(404): CodeIgniter\CodeIgniter->runController(Object(App\Controllers\User))
#5 C:\Project\PHPProjects\CIProjects\login_register\system\CodeIgniter.php(312): CodeIgniter\CodeIgniter->handleRequest(NULL, Object(Config\Cache), false)
#6 C:\Project\PHPProjects\CIProjects\login_register\public\index.php(45): CodeIgniter\CodeIgniter->run()
#7 C:\Project\PHPProjects\CIProjects\login_register\system\Commands\Server\rewrite.php(34): require_once('C:\\Project\\PHPP...')
#8 {main}
CRITICAL - 2021-01-17 02:16:24 --> Invalid file: user/tambah.php
#0 C:\Project\PHPProjects\CIProjects\login_register\system\View\View.php(228): CodeIgniter\Exceptions\FrameworkException::forInvalidFile('user/tambah.php')
#1 C:\Project\PHPProjects\CIProjects\login_register\system\Common.php(1119): CodeIgniter\View\View->render('user/tambah', Array, true)
#2 C:\Project\PHPProjects\CIProjects\login_register\app\Controllers\User.php(111): view('user/tambah', Array)
#3 C:\Project\PHPProjects\CIProjects\login_register\system\CodeIgniter.php(918): App\Controllers\User->add()
#4 C:\Project\PHPProjects\CIProjects\login_register\system\CodeIgniter.php(404): CodeIgniter\CodeIgniter->runController(Object(App\Controllers\User))
#5 C:\Project\PHPProjects\CIProjects\login_register\system\CodeIgniter.php(312): CodeIgniter\CodeIgniter->handleRequest(NULL, Object(Config\Cache), false)
#6 C:\Project\PHPProjects\CIProjects\login_register\public\index.php(45): CodeIgniter\CodeIgniter->run()
#7 C:\Project\PHPProjects\CIProjects\login_register\system\Commands\Server\rewrite.php(34): require_once('C:\\Project\\PHPP...')
#8 {main}
CRITICAL - 2021-01-17 02:21:23 --> Object of class CodeIgniter\Validation\Validation could not be converted to string
#0 C:\Project\PHPProjects\CIProjects\login_register\system\CodeIgniter.php(918): App\Controllers\User->add()
#1 C:\Project\PHPProjects\CIProjects\login_register\system\CodeIgniter.php(404): CodeIgniter\CodeIgniter->runController(Object(App\Controllers\User))
#2 C:\Project\PHPProjects\CIProjects\login_register\system\CodeIgniter.php(312): CodeIgniter\CodeIgniter->handleRequest(NULL, Object(Config\Cache), false)
#3 C:\Project\PHPProjects\CIProjects\login_register\public\index.php(45): CodeIgniter\CodeIgniter->run()
#4 C:\Project\PHPProjects\CIProjects\login_register\system\Commands\Server\rewrite.php(34): require_once('C:\\Project\\PHPP...')
#5 {main}
CRITICAL - 2021-01-17 02:22:24 --> Invalid file: user/tambah.php
#0 C:\Project\PHPProjects\CIProjects\login_register\system\View\View.php(228): CodeIgniter\Exceptions\FrameworkException::forInvalidFile('user/tambah.php')
#1 C:\Project\PHPProjects\CIProjects\login_register\system\Common.php(1119): CodeIgniter\View\View->render('user/tambah', Array, true)
#2 C:\Project\PHPProjects\CIProjects\login_register\app\Controllers\User.php(112): view('user/tambah', Array)
#3 C:\Project\PHPProjects\CIProjects\login_register\system\CodeIgniter.php(918): App\Controllers\User->add()
#4 C:\Project\PHPProjects\CIProjects\login_register\system\CodeIgniter.php(404): CodeIgniter\CodeIgniter->runController(Object(App\Controllers\User))
#5 C:\Project\PHPProjects\CIProjects\login_register\system\CodeIgniter.php(312): CodeIgniter\CodeIgniter->handleRequest(NULL, Object(Config\Cache), false)
#6 C:\Project\PHPProjects\CIProjects\login_register\public\index.php(45): CodeIgniter\CodeIgniter->run()
#7 C:\Project\PHPProjects\CIProjects\login_register\system\Commands\Server\rewrite.php(34): require_once('C:\\Project\\PHPP...')
#8 {main}
CRITICAL - 2021-01-17 02:22:53 --> Object of class CodeIgniter\Validation\Validation could not be converted to string
#0 C:\Project\PHPProjects\CIProjects\login_register\system\CodeIgniter.php(918): App\Controllers\User->add()
#1 C:\Project\PHPProjects\CIProjects\login_register\system\CodeIgniter.php(404): CodeIgniter\CodeIgniter->runController(Object(App\Controllers\User))
#2 C:\Project\PHPProjects\CIProjects\login_register\system\CodeIgniter.php(312): CodeIgniter\CodeIgniter->handleRequest(NULL, Object(Config\Cache), false)
#3 C:\Project\PHPProjects\CIProjects\login_register\public\index.php(45): CodeIgniter\CodeIgniter->run()
#4 C:\Project\PHPProjects\CIProjects\login_register\system\Commands\Server\rewrite.php(34): require_once('C:\\Project\\PHPP...')
#5 {main}
CRITICAL - 2021-01-17 02:23:27 --> Invalid file: user/tambah.php
#0 C:\Project\PHPProjects\CIProjects\login_register\system\View\View.php(228): CodeIgniter\Exceptions\FrameworkException::forInvalidFile('user/tambah.php')
#1 C:\Project\PHPProjects\CIProjects\login_register\system\Common.php(1119): CodeIgniter\View\View->render('user/tambah', Array, true)
#2 C:\Project\PHPProjects\CIProjects\login_register\app\Controllers\User.php(113): view('user/tambah', Array)
#3 C:\Project\PHPProjects\CIProjects\login_register\system\CodeIgniter.php(918): App\Controllers\User->add()
#4 C:\Project\PHPProjects\CIProjects\login_register\system\CodeIgniter.php(404): CodeIgniter\CodeIgniter->runController(Object(App\Controllers\User))
#5 C:\Project\PHPProjects\CIProjects\login_register\system\CodeIgniter.php(312): CodeIgniter\CodeIgniter->handleRequest(NULL, Object(Config\Cache), false)
#6 C:\Project\PHPProjects\CIProjects\login_register\public\index.php(45): CodeIgniter\CodeIgniter->run()
#7 C:\Project\PHPProjects\CIProjects\login_register\system\Commands\Server\rewrite.php(34): require_once('C:\\Project\\PHPP...')
#8 {main}
CRITICAL - 2021-01-17 02:24:03 --> Invalid file: user/tambah.php
#0 C:\Project\PHPProjects\CIProjects\login_register\system\View\View.php(228): CodeIgniter\Exceptions\FrameworkException::forInvalidFile('user/tambah.php')
#1 C:\Project\PHPProjects\CIProjects\login_register\system\Common.php(1119): CodeIgniter\View\View->render('user/tambah', Array, true)
#2 C:\Project\PHPProjects\CIProjects\login_register\app\Controllers\User.php(113): view('user/tambah', Array)
#3 C:\Project\PHPProjects\CIProjects\login_register\system\CodeIgniter.php(918): App\Controllers\User->add()
#4 C:\Project\PHPProjects\CIProjects\login_register\system\CodeIgniter.php(404): CodeIgniter\CodeIgniter->runController(Object(App\Controllers\User))
#5 C:\Project\PHPProjects\CIProjects\login_register\system\CodeIgniter.php(312): CodeIgniter\CodeIgniter->handleRequest(NULL, Object(Config\Cache), false)
#6 C:\Project\PHPProjects\CIProjects\login_register\public\index.php(45): CodeIgniter\CodeIgniter->run()
#7 C:\Project\PHPProjects\CIProjects\login_register\system\Commands\Server\rewrite.php(34): require_once('C:\\Project\\PHPP...')
#8 {main}
CRITICAL - 2021-01-17 02:25:13 --> Invalid file: user/tambah.php
#0 C:\Project\PHPProjects\CIProjects\login_register\system\View\View.php(228): CodeIgniter\Exceptions\FrameworkException::forInvalidFile('user/tambah.php')
#1 C:\Project\PHPProjects\CIProjects\login_register\system\Common.php(1119): CodeIgniter\View\View->render('user/tambah', Array, true)
#2 C:\Project\PHPProjects\CIProjects\login_register\app\Controllers\User.php(113): view('user/tambah', Array)
#3 C:\Project\PHPProjects\CIProjects\login_register\system\CodeIgniter.php(918): App\Controllers\User->add()
#4 C:\Project\PHPProjects\CIProjects\login_register\system\CodeIgniter.php(404): CodeIgniter\CodeIgniter->runController(Object(App\Controllers\User))
#5 C:\Project\PHPProjects\CIProjects\login_register\system\CodeIgniter.php(312): CodeIgniter\CodeIgniter->handleRequest(NULL, Object(Config\Cache), false)
#6 C:\Project\PHPProjects\CIProjects\login_register\public\index.php(45): CodeIgniter\CodeIgniter->run()
#7 C:\Project\PHPProjects\CIProjects\login_register\system\Commands\Server\rewrite.php(34): require_once('C:\\Project\\PHPP...')
#8 {main}
CRITICAL - 2021-01-17 02:26:08 --> Argument 1 passed to CodeIgniter\Validation\Validation::setRules() must be of the type array, bool given, called in C:\Project\PHPProjects\CIProjects\login_register\system\Controller.php on line 218
#0 C:\Project\PHPProjects\CIProjects\login_register\system\Controller.php(218): CodeIgniter\Validation\Validation->setRules(false, Array)
#1 C:\Project\PHPProjects\CIProjects\login_register\app\Controllers\User.php(112): CodeIgniter\Controller->validate(false)
#2 C:\Project\PHPProjects\CIProjects\login_register\system\CodeIgniter.php(918): App\Controllers\User->add()
#3 C:\Project\PHPProjects\CIProjects\login_register\system\CodeIgniter.php(404): CodeIgniter\CodeIgniter->runController(Object(App\Controllers\User))
#4 C:\Project\PHPProjects\CIProjects\login_register\system\CodeIgniter.php(312): CodeIgniter\CodeIgniter->handleRequest(NULL, Object(Config\Cache), false)
#5 C:\Project\PHPProjects\CIProjects\login_register\public\index.php(45): CodeIgniter\CodeIgniter->run()
#6 C:\Project\PHPProjects\CIProjects\login_register\system\Commands\Server\rewrite.php(34): require_once('C:\\Project\\PHPP...')
#7 {main}
CRITICAL - 2021-01-17 02:28:20 --> Invalid file: user/tambah.php
#0 C:\Project\PHPProjects\CIProjects\login_register\system\View\View.php(228): CodeIgniter\Exceptions\FrameworkException::forInvalidFile('user/tambah.php')
#1 C:\Project\PHPProjects\CIProjects\login_register\system\Common.php(1119): CodeIgniter\View\View->render('user/tambah', Array, true)
#2 C:\Project\PHPProjects\CIProjects\login_register\app\Controllers\User.php(103): view('user/tambah', Array)
#3 C:\Project\PHPProjects\CIProjects\login_register\system\CodeIgniter.php(918): App\Controllers\User->add()
#4 C:\Project\PHPProjects\CIProjects\login_register\system\CodeIgniter.php(404): CodeIgniter\CodeIgniter->runController(Object(App\Controllers\User))
#5 C:\Project\PHPProjects\CIProjects\login_register\system\CodeIgniter.php(312): CodeIgniter\CodeIgniter->handleRequest(NULL, Object(Config\Cache), false)
#6 C:\Project\PHPProjects\CIProjects\login_register\public\index.php(45): CodeIgniter\CodeIgniter->run()
#7 C:\Project\PHPProjects\CIProjects\login_register\system\Commands\Server\rewrite.php(34): require_once('C:\\Project\\PHPP...')
#8 {main}
CRITICAL - 2021-01-17 02:29:09 --> Invalid file: user/tambah.php
#0 C:\Project\PHPProjects\CIProjects\login_register\system\View\View.php(228): CodeIgniter\Exceptions\FrameworkException::forInvalidFile('user/tambah.php')
#1 C:\Project\PHPProjects\CIProjects\login_register\system\Common.php(1119): CodeIgniter\View\View->render('user/tambah', Array, true)
#2 C:\Project\PHPProjects\CIProjects\login_register\app\Controllers\User.php(103): view('user/tambah', Array)
#3 C:\Project\PHPProjects\CIProjects\login_register\system\CodeIgniter.php(918): App\Controllers\User->add()
#4 C:\Project\PHPProjects\CIProjects\login_register\system\CodeIgniter.php(404): CodeIgniter\CodeIgniter->runController(Object(App\Controllers\User))
#5 C:\Project\PHPProjects\CIProjects\login_register\system\CodeIgniter.php(312): CodeIgniter\CodeIgniter->handleRequest(NULL, Object(Config\Cache), false)
#6 C:\Project\PHPProjects\CIProjects\login_register\public\index.php(45): CodeIgniter\CodeIgniter->run()
#7 C:\Project\PHPProjects\CIProjects\login_register\system\Commands\Server\rewrite.php(34): require_once('C:\\Project\\PHPP...')
#8 {main}
CRITICAL - 2021-01-17 02:31:37 --> Invalid file: user/tambah.php
#0 C:\Project\PHPProjects\CIProjects\login_register\system\View\View.php(228): CodeIgniter\Exceptions\FrameworkException::forInvalidFile('user/tambah.php')
#1 C:\Project\PHPProjects\CIProjects\login_register\system\Common.php(1119): CodeIgniter\View\View->render('user/tambah', Array, true)
#2 C:\Project\PHPProjects\CIProjects\login_register\app\Controllers\User.php(103): view('user/tambah', Array)
#3 C:\Project\PHPProjects\CIProjects\login_register\system\CodeIgniter.php(918): App\Controllers\User->add()
#4 C:\Project\PHPProjects\CIProjects\login_register\system\CodeIgniter.php(404): CodeIgniter\CodeIgniter->runController(Object(App\Controllers\User))
#5 C:\Project\PHPProjects\CIProjects\login_register\system\CodeIgniter.php(312): CodeIgniter\CodeIgniter->handleRequest(NULL, Object(Config\Cache), false)
#6 C:\Project\PHPProjects\CIProjects\login_register\public\index.php(45): CodeIgniter\CodeIgniter->run()
#7 C:\Project\PHPProjects\CIProjects\login_register\system\Commands\Server\rewrite.php(34): require_once('C:\\Project\\PHPP...')
#8 {main}
CRITICAL - 2021-01-17 02:31:50 --> Invalid file: user/tambah.php
#0 C:\Project\PHPProjects\CIProjects\login_register\system\View\View.php(228): CodeIgniter\Exceptions\FrameworkException::forInvalidFile('user/tambah.php')
#1 C:\Project\PHPProjects\CIProjects\login_register\system\Common.php(1119): CodeIgniter\View\View->render('user/tambah', Array, true)
#2 C:\Project\PHPProjects\CIProjects\login_register\app\Controllers\User.php(103): view('user/tambah', Array)
#3 C:\Project\PHPProjects\CIProjects\login_register\system\CodeIgniter.php(918): App\Controllers\User->add()
#4 C:\Project\PHPProjects\CIProjects\login_register\system\CodeIgniter.php(404): CodeIgniter\CodeIgniter->runController(Object(App\Controllers\User))
#5 C:\Project\PHPProjects\CIProjects\login_register\system\CodeIgniter.php(312): CodeIgniter\CodeIgniter->handleRequest(NULL, Object(Config\Cache), false)
#6 C:\Project\PHPProjects\CIProjects\login_register\public\index.php(45): CodeIgniter\CodeIgniter->run()
#7 C:\Project\PHPProjects\CIProjects\login_register\system\Commands\Server\rewrite.php(34): require_once('C:\\Project\\PHPP...')
#8 {main}
CRITICAL - 2021-01-17 02:32:13 --> Call to undefined function set_value()
#0 C:\Project\PHPProjects\CIProjects\login_register\system\View\View.php(246): include()
#1 C:\Project\PHPProjects\CIProjects\login_register\system\Common.php(1119): CodeIgniter\View\View->render('main/tambah_use...', Array, true)
#2 C:\Project\PHPProjects\CIProjects\login_register\app\Controllers\User.php(74): view('main/tambah_use...', Array)
#3 C:\Project\PHPProjects\CIProjects\login_register\system\CodeIgniter.php(918): App\Controllers\User->tambah()
#4 C:\Project\PHPProjects\CIProjects\login_register\system\CodeIgniter.php(404): CodeIgniter\CodeIgniter->runController(Object(App\Controllers\User))
#5 C:\Project\PHPProjects\CIProjects\login_register\system\CodeIgniter.php(312): CodeIgniter\CodeIgniter->handleRequest(NULL, Object(Config\Cache), false)
#6 C:\Project\PHPProjects\CIProjects\login_register\public\index.php(45): CodeIgniter\CodeIgniter->run()
#7 C:\Project\PHPProjects\CIProjects\login_register\system\Commands\Server\rewrite.php(34): require_once('C:\\Project\\PHPP...')
#8 {main}
CRITICAL - 2021-01-17 02:32:16 --> Call to undefined function set_value()
#0 C:\Project\PHPProjects\CIProjects\login_register\system\View\View.php(246): include()
#1 C:\Project\PHPProjects\CIProjects\login_register\system\Common.php(1119): CodeIgniter\View\View->render('main/tambah_use...', Array, true)
#2 C:\Project\PHPProjects\CIProjects\login_register\app\Controllers\User.php(74): view('main/tambah_use...', Array)
#3 C:\Project\PHPProjects\CIProjects\login_register\system\CodeIgniter.php(918): App\Controllers\User->tambah()
#4 C:\Project\PHPProjects\CIProjects\login_register\system\CodeIgniter.php(404): CodeIgniter\CodeIgniter->runController(Object(App\Controllers\User))
#5 C:\Project\PHPProjects\CIProjects\login_register\system\CodeIgniter.php(312): CodeIgniter\CodeIgniter->handleRequest(NULL, Object(Config\Cache), false)
#6 C:\Project\PHPProjects\CIProjects\login_register\public\index.php(45): CodeIgniter\CodeIgniter->run()
#7 C:\Project\PHPProjects\CIProjects\login_register\system\Commands\Server\rewrite.php(34): require_once('C:\\Project\\PHPP...')
#8 {main}
CRITICAL - 2021-01-17 02:33:47 --> Call to undefined function set_value()
#0 C:\Project\PHPProjects\CIProjects\login_register\system\View\View.php(246): include()
#1 C:\Project\PHPProjects\CIProjects\login_register\system\Common.php(1119): CodeIgniter\View\View->render('main/tambah_use...', Array, true)
#2 C:\Project\PHPProjects\CIProjects\login_register\app\Controllers\User.php(74): view('main/tambah_use...', Array)
#3 C:\Project\PHPProjects\CIProjects\login_register\system\CodeIgniter.php(918): App\Controllers\User->tambah()
#4 C:\Project\PHPProjects\CIProjects\login_register\system\CodeIgniter.php(404): CodeIgniter\CodeIgniter->runController(Object(App\Controllers\User))
#5 C:\Project\PHPProjects\CIProjects\login_register\system\CodeIgniter.php(312): CodeIgniter\CodeIgniter->handleRequest(NULL, Object(Config\Cache), false)
#6 C:\Project\PHPProjects\CIProjects\login_register\public\index.php(45): CodeIgniter\CodeIgniter->run()
#7 C:\Project\PHPProjects\CIProjects\login_register\system\Commands\Server\rewrite.php(34): require_once('C:\\Project\\PHPP...')
#8 {main}
CRITICAL - 2021-01-17 02:33:49 --> Call to undefined function set_value()
#0 C:\Project\PHPProjects\CIProjects\login_register\system\View\View.php(246): include()
#1 C:\Project\PHPProjects\CIProjects\login_register\system\Common.php(1119): CodeIgniter\View\View->render('main/tambah_use...', Array, true)
#2 C:\Project\PHPProjects\CIProjects\login_register\app\Controllers\User.php(74): view('main/tambah_use...', Array)
#3 C:\Project\PHPProjects\CIProjects\login_register\system\CodeIgniter.php(918): App\Controllers\User->tambah()
#4 C:\Project\PHPProjects\CIProjects\login_register\system\CodeIgniter.php(404): CodeIgniter\CodeIgniter->runController(Object(App\Controllers\User))
#5 C:\Project\PHPProjects\CIProjects\login_register\system\CodeIgniter.php(312): CodeIgniter\CodeIgniter->handleRequest(NULL, Object(Config\Cache), false)
#6 C:\Project\PHPProjects\CIProjects\login_register\public\index.php(45): CodeIgniter\CodeIgniter->run()
#7 C:\Project\PHPProjects\CIProjects\login_register\system\Commands\Server\rewrite.php(34): require_once('C:\\Project\\PHPP...')
#8 {main}
CRITICAL - 2021-01-17 02:50:22 --> Unknown column 'id' in 'where clause'
#0 C:\Project\PHPProjects\CIProjects\login_register\system\Database\MySQLi\Connection.php(331): mysqli->query('DELETE FROM `us...')
#1 C:\Project\PHPProjects\CIProjects\login_register\system\Database\BaseConnection.php(741): CodeIgniter\Database\MySQLi\Connection->execute('DELETE FROM `us...')
#2 C:\Project\PHPProjects\CIProjects\login_register\system\Database\BaseConnection.php(669): CodeIgniter\Database\BaseConnection->simpleQuery('DELETE FROM `us...')
#3 C:\Project\PHPProjects\CIProjects\login_register\system\Database\BaseBuilder.php(2853): CodeIgniter\Database\BaseConnection->query('DELETE FROM `us...', Array, false)
#4 C:\Project\PHPProjects\CIProjects\login_register\system\Model.php(977): CodeIgniter\Database\BaseBuilder->delete()
#5 C:\Project\PHPProjects\CIProjects\login_register\app\Controllers\User.php(191): CodeIgniter\Model->delete(Array)
#6 C:\Project\PHPProjects\CIProjects\login_register\system\CodeIgniter.php(918): App\Controllers\User->delete('5')
#7 C:\Project\PHPProjects\CIProjects\login_register\system\CodeIgniter.php(404): CodeIgniter\CodeIgniter->runController(Object(App\Controllers\User))
#8 C:\Project\PHPProjects\CIProjects\login_register\system\CodeIgniter.php(312): CodeIgniter\CodeIgniter->handleRequest(NULL, Object(Config\Cache), false)
#9 C:\Project\PHPProjects\CIProjects\login_register\public\index.php(45): CodeIgniter\CodeIgniter->run()
#10 C:\Project\PHPProjects\CIProjects\login_register\system\Commands\Server\rewrite.php(34): require_once('C:\\Project\\PHPP...')
#11 {main}
CRITICAL - 2021-01-17 02:50:38 --> Unknown column 'id' in 'where clause'
#0 C:\Project\PHPProjects\CIProjects\login_register\system\Database\MySQLi\Connection.php(331): mysqli->query('DELETE FROM `us...')
#1 C:\Project\PHPProjects\CIProjects\login_register\system\Database\BaseConnection.php(741): CodeIgniter\Database\MySQLi\Connection->execute('DELETE FROM `us...')
#2 C:\Project\PHPProjects\CIProjects\login_register\system\Database\BaseConnection.php(669): CodeIgniter\Database\BaseConnection->simpleQuery('DELETE FROM `us...')
#3 C:\Project\PHPProjects\CIProjects\login_register\system\Database\BaseBuilder.php(2853): CodeIgniter\Database\BaseConnection->query('DELETE FROM `us...', Array, false)
#4 C:\Project\PHPProjects\CIProjects\login_register\system\Model.php(977): CodeIgniter\Database\BaseBuilder->delete()
#5 C:\Project\PHPProjects\CIProjects\login_register\app\Controllers\User.php(191): CodeIgniter\Model->delete(Array)
#6 C:\Project\PHPProjects\CIProjects\login_register\system\CodeIgniter.php(918): App\Controllers\User->delete('5')
#7 C:\Project\PHPProjects\CIProjects\login_register\system\CodeIgniter.php(404): CodeIgniter\CodeIgniter->runController(Object(App\Controllers\User))
#8 C:\Project\PHPProjects\CIProjects\login_register\system\CodeIgniter.php(312): CodeIgniter\CodeIgniter->handleRequest(NULL, Object(Config\Cache), false)
#9 C:\Project\PHPProjects\CIProjects\login_register\public\index.php(45): CodeIgniter\CodeIgniter->run()
#10 C:\Project\PHPProjects\CIProjects\login_register\system\Commands\Server\rewrite.php(34): require_once('C:\\Project\\PHPP...')
#11 {main}
CRITICAL - 2021-01-17 02:51:27 --> Unknown column 'id' in 'where clause'
#0 C:\Project\PHPProjects\CIProjects\login_register\system\Database\MySQLi\Connection.php(331): mysqli->query('DELETE FROM `us...')
#1 C:\Project\PHPProjects\CIProjects\login_register\system\Database\BaseConnection.php(741): CodeIgniter\Database\MySQLi\Connection->execute('DELETE FROM `us...')
#2 C:\Project\PHPProjects\CIProjects\login_register\system\Database\BaseConnection.php(669): CodeIgniter\Database\BaseConnection->simpleQuery('DELETE FROM `us...')
#3 C:\Project\PHPProjects\CIProjects\login_register\system\Database\BaseBuilder.php(2853): CodeIgniter\Database\BaseConnection->query('DELETE FROM `us...', Array, false)
#4 C:\Project\PHPProjects\CIProjects\login_register\system\Model.php(977): CodeIgniter\Database\BaseBuilder->delete()
#5 C:\Project\PHPProjects\CIProjects\login_register\app\Controllers\User.php(191): CodeIgniter\Model->delete(Array)
#6 C:\Project\PHPProjects\CIProjects\login_register\system\CodeIgniter.php(918): App\Controllers\User->delete('5')
#7 C:\Project\PHPProjects\CIProjects\login_register\system\CodeIgniter.php(404): CodeIgniter\CodeIgniter->runController(Object(App\Controllers\User))
#8 C:\Project\PHPProjects\CIProjects\login_register\system\CodeIgniter.php(312): CodeIgniter\CodeIgniter->handleRequest(NULL, Object(Config\Cache), false)
#9 C:\Project\PHPProjects\CIProjects\login_register\public\index.php(45): CodeIgniter\CodeIgniter->run()
#10 C:\Project\PHPProjects\CIProjects\login_register\system\Commands\Server\rewrite.php(34): require_once('C:\\Project\\PHPP...')
#11 {main}
CRITICAL - 2021-01-17 02:51:52 --> Unknown column 'id' in 'where clause'
#0 C:\Project\PHPProjects\CIProjects\login_register\system\Database\MySQLi\Connection.php(331): mysqli->query('DELETE FROM `us...')
#1 C:\Project\PHPProjects\CIProjects\login_register\system\Database\BaseConnection.php(741): CodeIgniter\Database\MySQLi\Connection->execute('DELETE FROM `us...')
#2 C:\Project\PHPProjects\CIProjects\login_register\system\Database\BaseConnection.php(669): CodeIgniter\Database\BaseConnection->simpleQuery('DELETE FROM `us...')
#3 C:\Project\PHPProjects\CIProjects\login_register\system\Database\BaseBuilder.php(2853): CodeIgniter\Database\BaseConnection->query('DELETE FROM `us...', Array, false)
#4 C:\Project\PHPProjects\CIProjects\login_register\system\Model.php(977): CodeIgniter\Database\BaseBuilder->delete()
#5 C:\Project\PHPProjects\CIProjects\login_register\app\Controllers\User.php(191): CodeIgniter\Model->delete(Array)
#6 C:\Project\PHPProjects\CIProjects\login_register\system\CodeIgniter.php(918): App\Controllers\User->delete('5')
#7 C:\Project\PHPProjects\CIProjects\login_register\system\CodeIgniter.php(404): CodeIgniter\CodeIgniter->runController(Object(App\Controllers\User))
#8 C:\Project\PHPProjects\CIProjects\login_register\system\CodeIgniter.php(312): CodeIgniter\CodeIgniter->handleRequest(NULL, Object(Config\Cache), false)
#9 C:\Project\PHPProjects\CIProjects\login_register\public\index.php(45): CodeIgniter\CodeIgniter->run()
#10 C:\Project\PHPProjects\CIProjects\login_register\system\Commands\Server\rewrite.php(34): require_once('C:\\Project\\PHPP...')
#11 {main}
CRITICAL - 2021-01-17 02:52:23 --> Unknown column 'id' in 'where clause'
#0 C:\Project\PHPProjects\CIProjects\login_register\system\Database\MySQLi\Connection.php(331): mysqli->query('DELETE FROM `us...')
#1 C:\Project\PHPProjects\CIProjects\login_register\system\Database\BaseConnection.php(741): CodeIgniter\Database\MySQLi\Connection->execute('DELETE FROM `us...')
#2 C:\Project\PHPProjects\CIProjects\login_register\system\Database\BaseConnection.php(669): CodeIgniter\Database\BaseConnection->simpleQuery('DELETE FROM `us...')
#3 C:\Project\PHPProjects\CIProjects\login_register\system\Database\BaseBuilder.php(2853): CodeIgniter\Database\BaseConnection->query('DELETE FROM `us...', Array, false)
#4 C:\Project\PHPProjects\CIProjects\login_register\system\Model.php(977): CodeIgniter\Database\BaseBuilder->delete()
#5 C:\Project\PHPProjects\CIProjects\login_register\app\Controllers\User.php(191): CodeIgniter\Model->delete(Array)
#6 C:\Project\PHPProjects\CIProjects\login_register\system\CodeIgniter.php(918): App\Controllers\User->delete('5')
#7 C:\Project\PHPProjects\CIProjects\login_register\system\CodeIgniter.php(404): CodeIgniter\CodeIgniter->runController(Object(App\Controllers\User))
#8 C:\Project\PHPProjects\CIProjects\login_register\system\CodeIgniter.php(312): CodeIgniter\CodeIgniter->handleRequest(NULL, Object(Config\Cache), false)
#9 C:\Project\PHPProjects\CIProjects\login_register\public\index.php(45): CodeIgniter\CodeIgniter->run()
#10 C:\Project\PHPProjects\CIProjects\login_register\system\Commands\Server\rewrite.php(34): require_once('C:\\Project\\PHPP...')
#11 {main}
CRITICAL - 2021-01-17 02:53:52 --> Unknown column 'id' in 'where clause'
#0 C:\Project\PHPProjects\CIProjects\login_register\system\Database\MySQLi\Connection.php(331): mysqli->query('DELETE FROM `us...')
#1 C:\Project\PHPProjects\CIProjects\login_register\system\Database\BaseConnection.php(741): CodeIgniter\Database\MySQLi\Connection->execute('DELETE FROM `us...')
#2 C:\Project\PHPProjects\CIProjects\login_register\system\Database\BaseConnection.php(669): CodeIgniter\Database\BaseConnection->simpleQuery('DELETE FROM `us...')
#3 C:\Project\PHPProjects\CIProjects\login_register\system\Database\BaseBuilder.php(2853): CodeIgniter\Database\BaseConnection->query('DELETE FROM `us...', Array, false)
#4 C:\Project\PHPProjects\CIProjects\login_register\system\Model.php(977): CodeIgniter\Database\BaseBuilder->delete()
#5 C:\Project\PHPProjects\CIProjects\login_register\app\Controllers\User.php(191): CodeIgniter\Model->delete(Array)
#6 C:\Project\PHPProjects\CIProjects\login_register\system\CodeIgniter.php(918): App\Controllers\User->delete('5')
#7 C:\Project\PHPProjects\CIProjects\login_register\system\CodeIgniter.php(404): CodeIgniter\CodeIgniter->runController(Object(App\Controllers\User))
#8 C:\Project\PHPProjects\CIProjects\login_register\system\CodeIgniter.php(312): CodeIgniter\CodeIgniter->handleRequest(NULL, Object(Config\Cache), false)
#9 C:\Project\PHPProjects\CIProjects\login_register\public\index.php(45): CodeIgniter\CodeIgniter->run()
#10 C:\Project\PHPProjects\CIProjects\login_register\system\Commands\Server\rewrite.php(34): require_once('C:\\Project\\PHPP...')
#11 {main}
CRITICAL - 2021-01-17 03:07:50 --> Undefined property: stdClass::$id
#0 C:\Project\PHPProjects\CIProjects\login_register\app\Views\main\pesanan_data.php(51): CodeIgniter\Debug\Exceptions->errorHandler(8, 'Undefined prope...', 'C:\\Project\\PHPP...', 51, Array)
#1 C:\Project\PHPProjects\CIProjects\login_register\system\View\View.php(246): include('C:\\Project\\PHPP...')
#2 C:\Project\PHPProjects\CIProjects\login_register\system\Common.php(1119): CodeIgniter\View\View->render('main/pesanan_da...', Array, true)
#3 C:\Project\PHPProjects\CIProjects\login_register\app\Controllers\Pesanan.php(52): view('main/pesanan_da...', Array)
#4 C:\Project\PHPProjects\CIProjects\login_register\system\CodeIgniter.php(918): App\Controllers\Pesanan->index()
#5 C:\Project\PHPProjects\CIProjects\login_register\system\CodeIgniter.php(404): CodeIgniter\CodeIgniter->runController(Object(App\Controllers\Pesanan))
#6 C:\Project\PHPProjects\CIProjects\login_register\system\CodeIgniter.php(312): CodeIgniter\CodeIgniter->handleRequest(NULL, Object(Config\Cache), false)
#7 C:\Project\PHPProjects\CIProjects\login_register\public\index.php(45): CodeIgniter\CodeIgniter->run()
#8 C:\Project\PHPProjects\CIProjects\login_register\system\Commands\Server\rewrite.php(34): require_once('C:\\Project\\PHPP...')
#9 {main}
CRITICAL - 2021-01-17 03:14:20 --> Undefined property: stdClass::$merk
#0 C:\Project\PHPProjects\CIProjects\login_register\app\Views\main\tambah_mobil.php(42): CodeIgniter\Debug\Exceptions->errorHandler(8, 'Undefined prope...', 'C:\\Project\\PHPP...', 42, Array)
#1 C:\Project\PHPProjects\CIProjects\login_register\system\View\View.php(246): include('C:\\Project\\PHPP...')
#2 C:\Project\PHPProjects\CIProjects\login_register\system\Common.php(1119): CodeIgniter\View\View->render('main/tambah_mob...', Array, true)
#3 C:\Project\PHPProjects\CIProjects\login_register\app\Controllers\Mobil.php(126): view('main/tambah_mob...', Array)
#4 C:\Project\PHPProjects\CIProjects\login_register\system\CodeIgniter.php(918): App\Controllers\Mobil->tambah()
#5 C:\Project\PHPProjects\CIProjects\login_register\system\CodeIgniter.php(404): CodeIgniter\CodeIgniter->runController(Object(App\Controllers\Mobil))
#6 C:\Project\PHPProjects\CIProjects\login_register\system\CodeIgniter.php(312): CodeIgniter\CodeIgniter->handleRequest(NULL, Object(Config\Cache), false)
#7 C:\Project\PHPProjects\CIProjects\login_register\public\index.php(45): CodeIgniter\CodeIgniter->run()
#8 C:\Project\PHPProjects\CIProjects\login_register\system\Commands\Server\rewrite.php(34): require_once('C:\\Project\\PHPP...')
#9 {main}
CRITICAL - 2021-01-17 03:14:44 --> Undefined property: stdClass::$merk
#0 C:\Project\PHPProjects\CIProjects\login_register\app\Views\main\tambah_mobil.php(42): CodeIgniter\Debug\Exceptions->errorHandler(8, 'Undefined prope...', 'C:\\Project\\PHPP...', 42, Array)
#1 C:\Project\PHPProjects\CIProjects\login_register\system\View\View.php(246): include('C:\\Project\\PHPP...')
#2 C:\Project\PHPProjects\CIProjects\login_register\system\Common.php(1119): CodeIgniter\View\View->render('main/tambah_mob...', Array, true)
#3 C:\Project\PHPProjects\CIProjects\login_register\app\Controllers\Mobil.php(126): view('main/tambah_mob...', Array)
#4 C:\Project\PHPProjects\CIProjects\login_register\system\CodeIgniter.php(918): App\Controllers\Mobil->tambah()
#5 C:\Project\PHPProjects\CIProjects\login_register\system\CodeIgniter.php(404): CodeIgniter\CodeIgniter->runController(Object(App\Controllers\Mobil))
#6 C:\Project\PHPProjects\CIProjects\login_register\system\CodeIgniter.php(312): CodeIgniter\CodeIgniter->handleRequest(NULL, Object(Config\Cache), false)
#7 C:\Project\PHPProjects\CIProjects\login_register\public\index.php(45): CodeIgniter\CodeIgniter->run()
#8 C:\Project\PHPProjects\CIProjects\login_register\system\Commands\Server\rewrite.php(34): require_once('C:\\Project\\PHPP...')
#9 {main}
CRITICAL - 2021-01-17 03:27:41 --> Undefined variable: merk
#0 C:\Project\PHPProjects\CIProjects\login_register\app\Views\main\ganti_password.php(35): CodeIgniter\Debug\Exceptions->errorHandler(8, 'Undefined varia...', 'C:\\Project\\PHPP...', 35, Array)
#1 C:\Project\PHPProjects\CIProjects\login_register\system\View\View.php(246): include('C:\\Project\\PHPP...')
#2 C:\Project\PHPProjects\CIProjects\login_register\system\Common.php(1119): CodeIgniter\View\View->render('main/ganti_pass...', Array, true)
#3 C:\Project\PHPProjects\CIProjects\login_register\app\Controllers\User.php(223): view('main/ganti_pass...', Array)
#4 C:\Project\PHPProjects\CIProjects\login_register\system\CodeIgniter.php(918): App\Controllers\User->change_password('6')
#5 C:\Project\PHPProjects\CIProjects\login_register\system\CodeIgniter.php(404): CodeIgniter\CodeIgniter->runController(Object(App\Controllers\User))
#6 C:\Project\PHPProjects\CIProjects\login_register\system\CodeIgniter.php(312): CodeIgniter\CodeIgniter->handleRequest(NULL, Object(Config\Cache), false)
#7 C:\Project\PHPProjects\CIProjects\login_register\public\index.php(45): CodeIgniter\CodeIgniter->run()
#8 C:\Project\PHPProjects\CIProjects\login_register\system\Commands\Server\rewrite.php(34): require_once('C:\\Project\\PHPP...')
#9 {main}
CRITICAL - 2021-01-17 03:28:03 --> Undefined variable: user
#0 C:\Project\PHPProjects\CIProjects\login_register\app\Views\main\ganti_password.php(35): CodeIgniter\Debug\Exceptions->errorHandler(8, 'Undefined varia...', 'C:\\Project\\PHPP...', 35, Array)
#1 C:\Project\PHPProjects\CIProjects\login_register\system\View\View.php(246): include('C:\\Project\\PHPP...')
#2 C:\Project\PHPProjects\CIProjects\login_register\system\Common.php(1119): CodeIgniter\View\View->render('main/ganti_pass...', Array, true)
#3 C:\Project\PHPProjects\CIProjects\login_register\app\Controllers\User.php(223): view('main/ganti_pass...', Array)
#4 C:\Project\PHPProjects\CIProjects\login_register\system\CodeIgniter.php(918): App\Controllers\User->change_password('6')
#5 C:\Project\PHPProjects\CIProjects\login_register\system\CodeIgniter.php(404): CodeIgniter\CodeIgniter->runController(Object(App\Controllers\User))
#6 C:\Project\PHPProjects\CIProjects\login_register\system\CodeIgniter.php(312): CodeIgniter\CodeIgniter->handleRequest(NULL, Object(Config\Cache), false)
#7 C:\Project\PHPProjects\CIProjects\login_register\public\index.php(45): CodeIgniter\CodeIgniter->run()
#8 C:\Project\PHPProjects\CIProjects\login_register\system\Commands\Server\rewrite.php(34): require_once('C:\\Project\\PHPP...')
#9 {main}
CRITICAL - 2021-01-17 03:28:13 --> Undefined property: stdClass::$id
#0 C:\Project\PHPProjects\CIProjects\login_register\app\Views\main\ganti_password.php(40): CodeIgniter\Debug\Exceptions->errorHandler(8, 'Undefined prope...', 'C:\\Project\\PHPP...', 40, Array)
#1 C:\Project\PHPProjects\CIProjects\login_register\system\View\View.php(246): include('C:\\Project\\PHPP...')
#2 C:\Project\PHPProjects\CIProjects\login_register\system\Common.php(1119): CodeIgniter\View\View->render('main/ganti_pass...', Array, true)
#3 C:\Project\PHPProjects\CIProjects\login_register\app\Controllers\User.php(223): view('main/ganti_pass...', Array)
#4 C:\Project\PHPProjects\CIProjects\login_register\system\CodeIgniter.php(918): App\Controllers\User->change_password('6')
#5 C:\Project\PHPProjects\CIProjects\login_register\system\CodeIgniter.php(404): CodeIgniter\CodeIgniter->runController(Object(App\Controllers\User))
#6 C:\Project\PHPProjects\CIProjects\login_register\system\CodeIgniter.php(312): CodeIgniter\CodeIgniter->handleRequest(NULL, Object(Config\Cache), false)
#7 C:\Project\PHPProjects\CIProjects\login_register\public\index.php(45): CodeIgniter\CodeIgniter->run()
#8 C:\Project\PHPProjects\CIProjects\login_register\system\Commands\Server\rewrite.php(34): require_once('C:\\Project\\PHPP...')
#9 {main}
CRITICAL - 2021-01-17 05:31:52 --> Invalid file: main/edit_user_data.php
#0 C:\Project\PHPProjects\CIProjects\login_register\system\View\View.php(228): CodeIgniter\Exceptions\FrameworkException::forInvalidFile('main/edit_user_...')
#1 C:\Project\PHPProjects\CIProjects\login_register\system\Common.php(1119): CodeIgniter\View\View->render('main/edit_user_...', Array, true)
#2 C:\Project\PHPProjects\CIProjects\login_register\app\Controllers\User.php(55): view('main/edit_user_...', Array)
#3 C:\Project\PHPProjects\CIProjects\login_register\system\CodeIgniter.php(918): App\Controllers\User->ubah('2')
#4 C:\Project\PHPProjects\CIProjects\login_register\system\CodeIgniter.php(404): CodeIgniter\CodeIgniter->runController(Object(App\Controllers\User))
#5 C:\Project\PHPProjects\CIProjects\login_register\system\CodeIgniter.php(312): CodeIgniter\CodeIgniter->handleRequest(NULL, Object(Config\Cache), false)
#6 C:\Project\PHPProjects\CIProjects\login_register\public\index.php(45): CodeIgniter\CodeIgniter->run()
#7 C:\Project\PHPProjects\CIProjects\login_register\system\Commands\Server\rewrite.php(34): require_once('C:\\Project\\PHPP...')
#8 {main}
CRITICAL - 2021-01-17 05:44:41 --> Invalid file: user/change_password/.php
#0 C:\Project\PHPProjects\CIProjects\login_register\system\View\View.php(228): CodeIgniter\Exceptions\FrameworkException::forInvalidFile('user/change_pas...')
#1 C:\Project\PHPProjects\CIProjects\login_register\system\Common.php(1119): CodeIgniter\View\View->render('user/change_pas...', Array, true)
#2 C:\Project\PHPProjects\CIProjects\login_register\app\Controllers\User.php(257): view('user/change_pas...', Array)
#3 C:\Project\PHPProjects\CIProjects\login_register\system\CodeIgniter.php(918): App\Controllers\User->change_password_act()
#4 C:\Project\PHPProjects\CIProjects\login_register\system\CodeIgniter.php(404): CodeIgniter\CodeIgniter->runController(Object(App\Controllers\User))
#5 C:\Project\PHPProjects\CIProjects\login_register\system\CodeIgniter.php(312): CodeIgniter\CodeIgniter->handleRequest(NULL, Object(Config\Cache), false)
#6 C:\Project\PHPProjects\CIProjects\login_register\public\index.php(45): CodeIgniter\CodeIgniter->run()
#7 C:\Project\PHPProjects\CIProjects\login_register\system\Commands\Server\rewrite.php(34): require_once('C:\\Project\\PHPP...')
#8 {main}
CRITICAL - 2021-01-17 05:44:59 --> Invalid file: user/change_password.php
#0 C:\Project\PHPProjects\CIProjects\login_register\system\View\View.php(228): CodeIgniter\Exceptions\FrameworkException::forInvalidFile('user/change_pas...')
#1 C:\Project\PHPProjects\CIProjects\login_register\system\Common.php(1119): CodeIgniter\View\View->render('user/change_pas...', Array, true)
#2 C:\Project\PHPProjects\CIProjects\login_register\app\Controllers\User.php(257): view('user/change_pas...', Array)
#3 C:\Project\PHPProjects\CIProjects\login_register\system\CodeIgniter.php(918): App\Controllers\User->change_password_act()
#4 C:\Project\PHPProjects\CIProjects\login_register\system\CodeIgniter.php(404): CodeIgniter\CodeIgniter->runController(Object(App\Controllers\User))
#5 C:\Project\PHPProjects\CIProjects\login_register\system\CodeIgniter.php(312): CodeIgniter\CodeIgniter->handleRequest(NULL, Object(Config\Cache), false)
#6 C:\Project\PHPProjects\CIProjects\login_register\public\index.php(45): CodeIgniter\CodeIgniter->run()
#7 C:\Project\PHPProjects\CIProjects\login_register\system\Commands\Server\rewrite.php(34): require_once('C:\\Project\\PHPP...')
#8 {main}
CRITICAL - 2021-01-17 05:47:11 --> Invalid file: user/change_password7.php
#0 C:\Project\PHPProjects\CIProjects\login_register\system\View\View.php(228): CodeIgniter\Exceptions\FrameworkException::forInvalidFile('user/change_pas...')
#1 C:\Project\PHPProjects\CIProjects\login_register\system\Common.php(1119): CodeIgniter\View\View->render('user/change_pas...', Array, true)
#2 C:\Project\PHPProjects\CIProjects\login_register\app\Controllers\User.php(257): view('user/change_pas...', Array)
#3 C:\Project\PHPProjects\CIProjects\login_register\system\CodeIgniter.php(918): App\Controllers\User->change_password_act()
#4 C:\Project\PHPProjects\CIProjects\login_register\system\CodeIgniter.php(404): CodeIgniter\CodeIgniter->runController(Object(App\Controllers\User))
#5 C:\Project\PHPProjects\CIProjects\login_register\system\CodeIgniter.php(312): CodeIgniter\CodeIgniter->handleRequest(NULL, Object(Config\Cache), false)
#6 C:\Project\PHPProjects\CIProjects\login_register\public\index.php(45): CodeIgniter\CodeIgniter->run()
#7 C:\Project\PHPProjects\CIProjects\login_register\system\Commands\Server\rewrite.php(34): require_once('C:\\Project\\PHPP...')
#8 {main}
CRITICAL - 2021-01-17 05:47:25 --> Invalid file: user/change_password7.php
#0 C:\Project\PHPProjects\CIProjects\login_register\system\View\View.php(228): CodeIgniter\Exceptions\FrameworkException::forInvalidFile('user/change_pas...')
#1 C:\Project\PHPProjects\CIProjects\login_register\system\Common.php(1119): CodeIgniter\View\View->render('user/change_pas...', Array, true)
#2 C:\Project\PHPProjects\CIProjects\login_register\app\Controllers\User.php(257): view('user/change_pas...', Array)
#3 C:\Project\PHPProjects\CIProjects\login_register\system\CodeIgniter.php(918): App\Controllers\User->change_password_act()
#4 C:\Project\PHPProjects\CIProjects\login_register\system\CodeIgniter.php(404): CodeIgniter\CodeIgniter->runController(Object(App\Controllers\User))
#5 C:\Project\PHPProjects\CIProjects\login_register\system\CodeIgniter.php(312): CodeIgniter\CodeIgniter->handleRequest(NULL, Object(Config\Cache), false)
#6 C:\Project\PHPProjects\CIProjects\login_register\public\index.php(45): CodeIgniter\CodeIgniter->run()
#7 C:\Project\PHPProjects\CIProjects\login_register\system\Commands\Server\rewrite.php(34): require_once('C:\\Project\\PHPP...')
#8 {main}
CRITICAL - 2021-01-17 05:57:10 --> Invalid file: main/edit_user_data.php
#0 C:\Project\PHPProjects\CIProjects\login_register\system\View\View.php(228): CodeIgniter\Exceptions\FrameworkException::forInvalidFile('main/edit_user_...')
#1 C:\Project\PHPProjects\CIProjects\login_register\system\Common.php(1119): CodeIgniter\View\View->render('main/edit_user_...', Array, true)
#2 C:\Project\PHPProjects\CIProjects\login_register\app\Controllers\User.php(55): view('main/edit_user_...', Array)
#3 C:\Project\PHPProjects\CIProjects\login_register\system\CodeIgniter.php(918): App\Controllers\User->ubah('7')
#4 C:\Project\PHPProjects\CIProjects\login_register\system\CodeIgniter.php(404): CodeIgniter\CodeIgniter->runController(Object(App\Controllers\User))
#5 C:\Project\PHPProjects\CIProjects\login_register\system\CodeIgniter.php(312): CodeIgniter\CodeIgniter->handleRequest(NULL, Object(Config\Cache), false)
#6 C:\Project\PHPProjects\CIProjects\login_register\public\index.php(45): CodeIgniter\CodeIgniter->run()
#7 C:\Project\PHPProjects\CIProjects\login_register\system\Commands\Server\rewrite.php(34): require_once('C:\\Project\\PHPP...')
#8 {main}
CRITICAL - 2021-01-17 06:07:02 --> Invalid file: user/ubah/.php
#0 C:\Project\PHPProjects\CIProjects\login_register\system\View\View.php(228): CodeIgniter\Exceptions\FrameworkException::forInvalidFile('user/ubah/.php')
#1 C:\Project\PHPProjects\CIProjects\login_register\system\Common.php(1119): CodeIgniter\View\View->render('user/ubah/', Array, true)
#2 C:\Project\PHPProjects\CIProjects\login_register\app\Controllers\User.php(168): view('user/ubah/', Array)
#3 C:\Project\PHPProjects\CIProjects\login_register\system\CodeIgniter.php(918): App\Controllers\User->edit()
#4 C:\Project\PHPProjects\CIProjects\login_register\system\CodeIgniter.php(404): CodeIgniter\CodeIgniter->runController(Object(App\Controllers\User))
#5 C:\Project\PHPProjects\CIProjects\login_register\system\CodeIgniter.php(312): CodeIgniter\CodeIgniter->handleRequest(NULL, Object(Config\Cache), false)
#6 C:\Project\PHPProjects\CIProjects\login_register\public\index.php(45): CodeIgniter\CodeIgniter->run()
#7 C:\Project\PHPProjects\CIProjects\login_register\system\Commands\Server\rewrite.php(34): require_once('C:\\Project\\PHPP...')
#8 {main}
CRITICAL - 2021-01-17 06:08:20 --> Invalid file: user/ubah/.php
#0 C:\Project\PHPProjects\CIProjects\login_register\system\View\View.php(228): CodeIgniter\Exceptions\FrameworkException::forInvalidFile('user/ubah/.php')
#1 C:\Project\PHPProjects\CIProjects\login_register\system\Common.php(1119): CodeIgniter\View\View->render('user/ubah/', Array, true)
#2 C:\Project\PHPProjects\CIProjects\login_register\app\Controllers\User.php(169): view('user/ubah/', Array)
#3 C:\Project\PHPProjects\CIProjects\login_register\system\CodeIgniter.php(918): App\Controllers\User->edit()
#4 C:\Project\PHPProjects\CIProjects\login_register\system\CodeIgniter.php(404): CodeIgniter\CodeIgniter->runController(Object(App\Controllers\User))
#5 C:\Project\PHPProjects\CIProjects\login_register\system\CodeIgniter.php(312): CodeIgniter\CodeIgniter->handleRequest(NULL, Object(Config\Cache), false)
#6 C:\Project\PHPProjects\CIProjects\login_register\public\index.php(45): CodeIgniter\CodeIgniter->run()
#7 C:\Project\PHPProjects\CIProjects\login_register\system\Commands\Server\rewrite.php(34): require_once('C:\\Project\\PHPP...')
#8 {main}
CRITICAL - 2021-01-17 06:12:23 --> Undefined property: stdClass::$user_name
#0 C:\Project\PHPProjects\CIProjects\login_register\app\Views\main\detail_pesanan_data.php(39): CodeIgniter\Debug\Exceptions->errorHandler(8, 'Undefined prope...', 'C:\\Project\\PHPP...', 39, Array)
#1 C:\Project\PHPProjects\CIProjects\login_register\system\View\View.php(246): include('C:\\Project\\PHPP...')
#2 C:\Project\PHPProjects\CIProjects\login_register\system\Common.php(1119): CodeIgniter\View\View->render('main/detail_pes...', Array, true)
#3 C:\Project\PHPProjects\CIProjects\login_register\app\Controllers\Pesanan.php(91): view('main/detail_pes...', Array)
#4 C:\Project\PHPProjects\CIProjects\login_register\system\CodeIgniter.php(918): App\Controllers\Pesanan->detail('1')
#5 C:\Project\PHPProjects\CIProjects\login_register\system\CodeIgniter.php(404): CodeIgniter\CodeIgniter->runController(Object(App\Controllers\Pesanan))
#6 C:\Project\PHPProjects\CIProjects\login_register\system\CodeIgniter.php(312): CodeIgniter\CodeIgniter->handleRequest(NULL, Object(Config\Cache), false)
#7 C:\Project\PHPProjects\CIProjects\login_register\public\index.php(45): CodeIgniter\CodeIgniter->run()
#8 C:\Project\PHPProjects\CIProjects\login_register\system\Commands\Server\rewrite.php(34): require_once('C:\\Project\\PHPP...')
#9 {main}
CRITICAL - 2021-01-17 06:15:28 --> Undefined variable: harganya
#0 C:\Project\PHPProjects\CIProjects\login_register\app\Views\main\book.php(131): CodeIgniter\Debug\Exceptions->errorHandler(8, 'Undefined varia...', 'C:\\Project\\PHPP...', 131, Array)
#1 C:\Project\PHPProjects\CIProjects\login_register\system\View\View.php(246): include('C:\\Project\\PHPP...')
#2 C:\Project\PHPProjects\CIProjects\login_register\system\Common.php(1119): CodeIgniter\View\View->render('main/book', Array, true)
#3 C:\Project\PHPProjects\CIProjects\login_register\app\Controllers\Pesanan.php(132): view('main/book', Array)
#4 C:\Project\PHPProjects\CIProjects\login_register\system\CodeIgniter.php(918): App\Controllers\Pesanan->ubah('1')
#5 C:\Project\PHPProjects\CIProjects\login_register\system\CodeIgniter.php(404): CodeIgniter\CodeIgniter->runController(Object(App\Controllers\Pesanan))
#6 C:\Project\PHPProjects\CIProjects\login_register\system\CodeIgniter.php(312): CodeIgniter\CodeIgniter->handleRequest(NULL, Object(Config\Cache), false)
#7 C:\Project\PHPProjects\CIProjects\login_register\public\index.php(45): CodeIgniter\CodeIgniter->run()
#8 C:\Project\PHPProjects\CIProjects\login_register\system\Commands\Server\rewrite.php(34): require_once('C:\\Project\\PHPP...')
#9 {main}
CRITICAL - 2021-01-17 06:19:28 --> Undefined variable: harganya
#0 C:\Project\PHPProjects\CIProjects\login_register\app\Views\main\book.php(131): CodeIgniter\Debug\Exceptions->errorHandler(8, 'Undefined varia...', 'C:\\Project\\PHPP...', 131, Array)
#1 C:\Project\PHPProjects\CIProjects\login_register\system\View\View.php(246): include('C:\\Project\\PHPP...')
#2 C:\Project\PHPProjects\CIProjects\login_register\system\Common.php(1119): CodeIgniter\View\View->render('main/book', Array, true)
#3 C:\Project\PHPProjects\CIProjects\login_register\app\Controllers\Pesanan.php(133): view('main/book', Array)
#4 C:\Project\PHPProjects\CIProjects\login_register\system\CodeIgniter.php(918): App\Controllers\Pesanan->ubah('8')
#5 C:\Project\PHPProjects\CIProjects\login_register\system\CodeIgniter.php(404): CodeIgniter\CodeIgniter->runController(Object(App\Controllers\Pesanan))
#6 C:\Project\PHPProjects\CIProjects\login_register\system\CodeIgniter.php(312): CodeIgniter\CodeIgniter->handleRequest(NULL, Object(Config\Cache), false)
#7 C:\Project\PHPProjects\CIProjects\login_register\public\index.php(45): CodeIgniter\CodeIgniter->run()
#8 C:\Project\PHPProjects\CIProjects\login_register\system\Commands\Server\rewrite.php(34): require_once('C:\\Project\\PHPP...')
#9 {main}
CRITICAL - 2021-01-17 06:22:00 --> Undefined property: stdClass::$tgl_pinjam
#0 C:\Project\PHPProjects\CIProjects\login_register\app\Views\main\edit_pesanan.php(56): CodeIgniter\Debug\Exceptions->errorHandler(8, 'Undefined prope...', 'C:\\Project\\PHPP...', 56, Array)
#1 C:\Project\PHPProjects\CIProjects\login_register\system\View\View.php(246): include('C:\\Project\\PHPP...')
#2 C:\Project\PHPProjects\CIProjects\login_register\system\Common.php(1119): CodeIgniter\View\View->render('main/edit_pesan...', Array, true)
#3 C:\Project\PHPProjects\CIProjects\login_register\app\Controllers\Pesanan.php(133): view('main/edit_pesan...', Array)
#4 C:\Project\PHPProjects\CIProjects\login_register\system\CodeIgniter.php(918): App\Controllers\Pesanan->ubah('8')
#5 C:\Project\PHPProjects\CIProjects\login_register\system\CodeIgniter.php(404): CodeIgniter\CodeIgniter->runController(Object(App\Controllers\Pesanan))
#6 C:\Project\PHPProjects\CIProjects\login_register\system\CodeIgniter.php(312): CodeIgniter\CodeIgniter->handleRequest(NULL, Object(Config\Cache), false)
#7 C:\Project\PHPProjects\CIProjects\login_register\public\index.php(45): CodeIgniter\CodeIgniter->run()
#8 C:\Project\PHPProjects\CIProjects\login_register\system\Commands\Server\rewrite.php(34): require_once('C:\\Project\\PHPP...')
#9 {main}
CRITICAL - 2021-01-17 06:22:37 --> Undefined property: stdClass::$tgl_pinjam
#0 C:\Project\PHPProjects\CIProjects\login_register\app\Views\main\edit_pesanan.php(56): CodeIgniter\Debug\Exceptions->errorHandler(8, 'Undefined prope...', 'C:\\Project\\PHPP...', 56, Array)
#1 C:\Project\PHPProjects\CIProjects\login_register\system\View\View.php(246): include('C:\\Project\\PHPP...')
#2 C:\Project\PHPProjects\CIProjects\login_register\system\Common.php(1119): CodeIgniter\View\View->render('main/edit_pesan...', Array, true)
#3 C:\Project\PHPProjects\CIProjects\login_register\app\Controllers\Pesanan.php(133): view('main/edit_pesan...', Array)
#4 C:\Project\PHPProjects\CIProjects\login_register\system\CodeIgniter.php(918): App\Controllers\Pesanan->ubah('8')
#5 C:\Project\PHPProjects\CIProjects\login_register\system\CodeIgniter.php(404): CodeIgniter\CodeIgniter->runController(Object(App\Controllers\Pesanan))
#6 C:\Project\PHPProjects\CIProjects\login_register\system\CodeIgniter.php(312): CodeIgniter\CodeIgniter->handleRequest(NULL, Object(Config\Cache), false)
#7 C:\Project\PHPProjects\CIProjects\login_register\public\index.php(45): CodeIgniter\CodeIgniter->run()
#8 C:\Project\PHPProjects\CIProjects\login_register\system\Commands\Server\rewrite.php(34): require_once('C:\\Project\\PHPP...')
#9 {main}
CRITICAL - 2021-01-17 06:23:53 --> date_format() expects parameter 1 to be DateTimeInterface, string given
#0 [internal function]: CodeIgniter\Debug\Exceptions->errorHandler(2, 'date_format() e...', 'C:\\Project\\PHPP...', 56, Array)
#1 C:\Project\PHPProjects\CIProjects\login_register\app\Views\main\edit_pesanan.php(56): date_format('2020-01-18', 'dd/mm/YYYY')
#2 C:\Project\PHPProjects\CIProjects\login_register\system\View\View.php(246): include('C:\\Project\\PHPP...')
#3 C:\Project\PHPProjects\CIProjects\login_register\system\Common.php(1119): CodeIgniter\View\View->render('main/edit_pesan...', Array, true)
#4 C:\Project\PHPProjects\CIProjects\login_register\app\Controllers\Pesanan.php(133): view('main/edit_pesan...', Array)
#5 C:\Project\PHPProjects\CIProjects\login_register\system\CodeIgniter.php(918): App\Controllers\Pesanan->ubah('8')
#6 C:\Project\PHPProjects\CIProjects\login_register\system\CodeIgniter.php(404): CodeIgniter\CodeIgniter->runController(Object(App\Controllers\Pesanan))
#7 C:\Project\PHPProjects\CIProjects\login_register\system\CodeIgniter.php(312): CodeIgniter\CodeIgniter->handleRequest(NULL, Object(Config\Cache), false)
#8 C:\Project\PHPProjects\CIProjects\login_register\public\index.php(45): CodeIgniter\CodeIgniter->run()
#9 C:\Project\PHPProjects\CIProjects\login_register\system\Commands\Server\rewrite.php(34): require_once('C:\\Project\\PHPP...')
#10 {main}
CRITICAL - 2021-01-17 06:24:03 --> date_format() expects parameter 1 to be DateTimeInterface, string given
#0 [internal function]: CodeIgniter\Debug\Exceptions->errorHandler(2, 'date_format() e...', 'C:\\Project\\PHPP...', 56, Array)
#1 C:\Project\PHPProjects\CIProjects\login_register\app\Views\main\edit_pesanan.php(56): date_format('2020-01-18', 'dd/mm/YYYY')
#2 C:\Project\PHPProjects\CIProjects\login_register\system\View\View.php(246): include('C:\\Project\\PHPP...')
#3 C:\Project\PHPProjects\CIProjects\login_register\system\Common.php(1119): CodeIgniter\View\View->render('main/edit_pesan...', Array, true)
#4 C:\Project\PHPProjects\CIProjects\login_register\app\Controllers\Pesanan.php(133): view('main/edit_pesan...', Array)
#5 C:\Project\PHPProjects\CIProjects\login_register\system\CodeIgniter.php(918): App\Controllers\Pesanan->ubah('8')
#6 C:\Project\PHPProjects\CIProjects\login_register\system\CodeIgniter.php(404): CodeIgniter\CodeIgniter->runController(Object(App\Controllers\Pesanan))
#7 C:\Project\PHPProjects\CIProjects\login_register\system\CodeIgniter.php(312): CodeIgniter\CodeIgniter->handleRequest(NULL, Object(Config\Cache), false)
#8 C:\Project\PHPProjects\CIProjects\login_register\public\index.php(45): CodeIgniter\CodeIgniter->run()
#9 C:\Project\PHPProjects\CIProjects\login_register\system\Commands\Server\rewrite.php(34): require_once('C:\\Project\\PHPP...')
#10 {main}
CRITICAL - 2021-01-17 06:29:42 --> Undefined property: stdClass::$jenis_bayar
#0 C:\Project\PHPProjects\CIProjects\login_register\app\Views\main\edit_pesanan.php(88): CodeIgniter\Debug\Exceptions->errorHandler(8, 'Undefined prope...', 'C:\\Project\\PHPP...', 88, Array)
#1 C:\Project\PHPProjects\CIProjects\login_register\system\View\View.php(246): include('C:\\Project\\PHPP...')
#2 C:\Project\PHPProjects\CIProjects\login_register\system\Common.php(1119): CodeIgniter\View\View->render('main/edit_pesan...', Array, true)
#3 C:\Project\PHPProjects\CIProjects\login_register\app\Controllers\Pesanan.php(133): view('main/edit_pesan...', Array)
#4 C:\Project\PHPProjects\CIProjects\login_register\system\CodeIgniter.php(918): App\Controllers\Pesanan->ubah('16')
#5 C:\Project\PHPProjects\CIProjects\login_register\system\CodeIgniter.php(404): CodeIgniter\CodeIgniter->runController(Object(App\Controllers\Pesanan))
#6 C:\Project\PHPProjects\CIProjects\login_register\system\CodeIgniter.php(312): CodeIgniter\CodeIgniter->handleRequest(NULL, Object(Config\Cache), false)
#7 C:\Project\PHPProjects\CIProjects\login_register\public\index.php(45): CodeIgniter\CodeIgniter->run()
#8 C:\Project\PHPProjects\CIProjects\login_register\system\Commands\Server\rewrite.php(34): require_once('C:\\Project\\PHPP...')
#9 {main}
CRITICAL - 2021-01-17 06:37:50 --> syntax error, unexpected ','
#0 C:\Project\PHPProjects\CIProjects\login_register\system\Router\Router.php(195): CodeIgniter\Router\Router->autoRoute('pesanan/ubah/16')
#1 C:\Project\PHPProjects\CIProjects\login_register\system\CodeIgniter.php(793): CodeIgniter\Router\Router->handle('pesanan/ubah/16')
#2 C:\Project\PHPProjects\CIProjects\login_register\system\CodeIgniter.php(364): CodeIgniter\CodeIgniter->tryToRouteIt(Object(CodeIgniter\Router\RouteCollection))
#3 C:\Project\PHPProjects\CIProjects\login_register\system\CodeIgniter.php(312): CodeIgniter\CodeIgniter->handleRequest(NULL, Object(Config\Cache), false)
#4 C:\Project\PHPProjects\CIProjects\login_register\public\index.php(45): CodeIgniter\CodeIgniter->run()
#5 C:\Project\PHPProjects\CIProjects\login_register\system\Commands\Server\rewrite.php(34): require_once('C:\\Project\\PHPP...')
#6 {main}
