CRITICAL - 2021-01-16 04:12:44 --> Argument 2 passed to view() must be of the type array, object given, called in C:\Project\PHPProjects\CIProjects\login_register\app\Controllers\Dashboard.php on line 12
#0 C:\Project\PHPProjects\CIProjects\login_register\app\Controllers\Dashboard.php(12): view('main/dashboard', Object(CodeIgniter\Session\Session))
#1 C:\Project\PHPProjects\CIProjects\login_register\system\CodeIgniter.php(918): App\Controllers\Dashboard->index()
#2 C:\Project\PHPProjects\CIProjects\login_register\system\CodeIgniter.php(404): CodeIgniter\CodeIgniter->runController(Object(App\Controllers\Dashboard))
#3 C:\Project\PHPProjects\CIProjects\login_register\system\CodeIgniter.php(312): CodeIgniter\CodeIgniter->handleRequest(NULL, Object(Config\Cache), false)
#4 C:\Project\PHPProjects\CIProjects\login_register\public\index.php(45): CodeIgniter\CodeIgniter->run()
#5 C:\Project\PHPProjects\CIProjects\login_register\system\Commands\Server\rewrite.php(34): require_once('C:\\Project\\PHPP...')
#6 {main}
CRITICAL - 2021-01-16 04:16:45 --> Argument 2 passed to view() must be of the type array, object given, called in C:\Project\PHPProjects\CIProjects\login_register\app\Controllers\Dashboard.php on line 12
#0 C:\Project\PHPProjects\CIProjects\login_register\app\Controllers\Dashboard.php(12): view('main/dashboard', Object(CodeIgniter\Session\Session))
#1 C:\Project\PHPProjects\CIProjects\login_register\system\CodeIgniter.php(918): App\Controllers\Dashboard->index()
#2 C:\Project\PHPProjects\CIProjects\login_register\system\CodeIgniter.php(404): CodeIgniter\CodeIgniter->runController(Object(App\Controllers\Dashboard))
#3 C:\Project\PHPProjects\CIProjects\login_register\system\CodeIgniter.php(312): CodeIgniter\CodeIgniter->handleRequest(NULL, Object(Config\Cache), false)
#4 C:\Project\PHPProjects\CIProjects\login_register\public\index.php(45): CodeIgniter\CodeIgniter->run()
#5 C:\Project\PHPProjects\CIProjects\login_register\system\Commands\Server\rewrite.php(34): require_once('C:\\Project\\PHPP...')
#6 {main}
CRITICAL - 2021-01-16 04:25:36 --> Use of undefined constant APP_NAME - assumed 'APP_NAME' (this will throw an Error in a future version of PHP)
#0 C:\Project\PHPProjects\CIProjects\login_register\app\Views\main\dashboard.php(135): CodeIgniter\Debug\Exceptions->errorHandler(2, 'Use of undefine...', 'C:\\Project\\PHPP...', 135, Array)
#1 C:\Project\PHPProjects\CIProjects\login_register\system\View\View.php(246): include('C:\\Project\\PHPP...')
#2 C:\Project\PHPProjects\CIProjects\login_register\system\Common.php(1119): CodeIgniter\View\View->render('main/dashboard', Array, true)
#3 C:\Project\PHPProjects\CIProjects\login_register\app\Controllers\Dashboard.php(15): view('main/dashboard', Array)
#4 C:\Project\PHPProjects\CIProjects\login_register\system\CodeIgniter.php(918): App\Controllers\Dashboard->index()
#5 C:\Project\PHPProjects\CIProjects\login_register\system\CodeIgniter.php(404): CodeIgniter\CodeIgniter->runController(Object(App\Controllers\Dashboard))
#6 C:\Project\PHPProjects\CIProjects\login_register\system\CodeIgniter.php(312): CodeIgniter\CodeIgniter->handleRequest(NULL, Object(Config\Cache), false)
#7 C:\Project\PHPProjects\CIProjects\login_register\public\index.php(45): CodeIgniter\CodeIgniter->run()
#8 C:\Project\PHPProjects\CIProjects\login_register\system\Commands\Server\rewrite.php(34): require_once('C:\\Project\\PHPP...')
#9 {main}
CRITICAL - 2021-01-16 05:53:51 --> Call to a member function get() on null
#0 C:\Project\PHPProjects\CIProjects\login_register\system\View\View.php(246): include()
#1 C:\Project\PHPProjects\CIProjects\login_register\system\Common.php(1119): CodeIgniter\View\View->render('main/dashboard', Array, true)
#2 C:\Project\PHPProjects\CIProjects\login_register\app\Controllers\Dashboard.php(15): view('main/dashboard', Array)
#3 C:\Project\PHPProjects\CIProjects\login_register\system\CodeIgniter.php(918): App\Controllers\Dashboard->index()
#4 C:\Project\PHPProjects\CIProjects\login_register\system\CodeIgniter.php(404): CodeIgniter\CodeIgniter->runController(Object(App\Controllers\Dashboard))
#5 C:\Project\PHPProjects\CIProjects\login_register\system\CodeIgniter.php(312): CodeIgniter\CodeIgniter->handleRequest(NULL, Object(Config\Cache), false)
#6 C:\Project\PHPProjects\CIProjects\login_register\public\index.php(45): CodeIgniter\CodeIgniter->run()
#7 C:\Project\PHPProjects\CIProjects\login_register\system\Commands\Server\rewrite.php(34): require_once('C:\\Project\\PHPP...')
#8 {main}
CRITICAL - 2021-01-16 06:11:02 --> Argument 2 passed to view() must be of the type array, string given, called in C:\Project\PHPProjects\CIProjects\login_register\app\Views\main\dashboard.php on line 21
#0 C:\Project\PHPProjects\CIProjects\login_register\app\Views\main\dashboard.php(21): view('main/partial/na...', 'dashboard')
#1 C:\Project\PHPProjects\CIProjects\login_register\system\View\View.php(246): include('C:\\Project\\PHPP...')
#2 C:\Project\PHPProjects\CIProjects\login_register\system\Common.php(1119): CodeIgniter\View\View->render('main/dashboard', Array, true)
#3 C:\Project\PHPProjects\CIProjects\login_register\app\Controllers\Dashboard.php(21): view('main/dashboard', Array)
#4 C:\Project\PHPProjects\CIProjects\login_register\system\CodeIgniter.php(918): App\Controllers\Dashboard->index()
#5 C:\Project\PHPProjects\CIProjects\login_register\system\CodeIgniter.php(404): CodeIgniter\CodeIgniter->runController(Object(App\Controllers\Dashboard))
#6 C:\Project\PHPProjects\CIProjects\login_register\system\CodeIgniter.php(312): CodeIgniter\CodeIgniter->handleRequest(NULL, Object(Config\Cache), false)
#7 C:\Project\PHPProjects\CIProjects\login_register\public\index.php(45): CodeIgniter\CodeIgniter->run()
#8 C:\Project\PHPProjects\CIProjects\login_register\system\Commands\Server\rewrite.php(34): require_once('C:\\Project\\PHPP...')
#9 {main}
CRITICAL - 2021-01-16 06:11:12 --> Invalid file: main/partial/navbar.php
#0 C:\Project\PHPProjects\CIProjects\login_register\system\View\View.php(228): CodeIgniter\Exceptions\FrameworkException::forInvalidFile('main/partial/na...')
#1 C:\Project\PHPProjects\CIProjects\login_register\system\Common.php(1119): CodeIgniter\View\View->render('main/partial/na...', Array, true)
#2 C:\Project\PHPProjects\CIProjects\login_register\app\Views\main\dashboard.php(21): view('main/partial/na...')
#3 C:\Project\PHPProjects\CIProjects\login_register\system\View\View.php(246): include('C:\\Project\\PHPP...')
#4 C:\Project\PHPProjects\CIProjects\login_register\system\Common.php(1119): CodeIgniter\View\View->render('main/dashboard', Array, true)
#5 C:\Project\PHPProjects\CIProjects\login_register\app\Controllers\Dashboard.php(21): view('main/dashboard', Array)
#6 C:\Project\PHPProjects\CIProjects\login_register\system\CodeIgniter.php(918): App\Controllers\Dashboard->index()
#7 C:\Project\PHPProjects\CIProjects\login_register\system\CodeIgniter.php(404): CodeIgniter\CodeIgniter->runController(Object(App\Controllers\Dashboard))
#8 C:\Project\PHPProjects\CIProjects\login_register\system\CodeIgniter.php(312): CodeIgniter\CodeIgniter->handleRequest(NULL, Object(Config\Cache), false)
#9 C:\Project\PHPProjects\CIProjects\login_register\public\index.php(45): CodeIgniter\CodeIgniter->run()
#10 C:\Project\PHPProjects\CIProjects\login_register\system\Commands\Server\rewrite.php(34): require_once('C:\\Project\\PHPP...')
#11 {main}
CRITICAL - 2021-01-16 06:11:38 --> Argument 2 passed to view() must be of the type array, string given, called in C:\Project\PHPProjects\CIProjects\login_register\app\Views\main\dashboard.php on line 21
#0 C:\Project\PHPProjects\CIProjects\login_register\app\Views\main\dashboard.php(21): view('main/_partial/n...', 'dashboard')
#1 C:\Project\PHPProjects\CIProjects\login_register\system\View\View.php(246): include('C:\\Project\\PHPP...')
#2 C:\Project\PHPProjects\CIProjects\login_register\system\Common.php(1119): CodeIgniter\View\View->render('main/dashboard', Array, true)
#3 C:\Project\PHPProjects\CIProjects\login_register\app\Controllers\Dashboard.php(21): view('main/dashboard', Array)
#4 C:\Project\PHPProjects\CIProjects\login_register\system\CodeIgniter.php(918): App\Controllers\Dashboard->index()
#5 C:\Project\PHPProjects\CIProjects\login_register\system\CodeIgniter.php(404): CodeIgniter\CodeIgniter->runController(Object(App\Controllers\Dashboard))
#6 C:\Project\PHPProjects\CIProjects\login_register\system\CodeIgniter.php(312): CodeIgniter\CodeIgniter->handleRequest(NULL, Object(Config\Cache), false)
#7 C:\Project\PHPProjects\CIProjects\login_register\public\index.php(45): CodeIgniter\CodeIgniter->run()
#8 C:\Project\PHPProjects\CIProjects\login_register\system\Commands\Server\rewrite.php(34): require_once('C:\\Project\\PHPP...')
#9 {main}
CRITICAL - 2021-01-16 06:12:43 --> Argument 2 passed to view() must be of the type array, null given, called in C:\Project\PHPProjects\CIProjects\login_register\app\Views\main\dashboard.php on line 21
#0 C:\Project\PHPProjects\CIProjects\login_register\app\Views\main\dashboard.php(21): view('main/_partial/n...', NULL)
#1 C:\Project\PHPProjects\CIProjects\login_register\system\View\View.php(246): include('C:\\Project\\PHPP...')
#2 C:\Project\PHPProjects\CIProjects\login_register\system\Common.php(1119): CodeIgniter\View\View->render('main/dashboard', Array, true)
#3 C:\Project\PHPProjects\CIProjects\login_register\app\Controllers\Dashboard.php(23): view('main/dashboard', Array)
#4 C:\Project\PHPProjects\CIProjects\login_register\system\CodeIgniter.php(918): App\Controllers\Dashboard->index()
#5 C:\Project\PHPProjects\CIProjects\login_register\system\CodeIgniter.php(404): CodeIgniter\CodeIgniter->runController(Object(App\Controllers\Dashboard))
#6 C:\Project\PHPProjects\CIProjects\login_register\system\CodeIgniter.php(312): CodeIgniter\CodeIgniter->handleRequest(NULL, Object(Config\Cache), false)
#7 C:\Project\PHPProjects\CIProjects\login_register\public\index.php(45): CodeIgniter\CodeIgniter->run()
#8 C:\Project\PHPProjects\CIProjects\login_register\system\Commands\Server\rewrite.php(34): require_once('C:\\Project\\PHPP...')
#9 {main}
CRITICAL - 2021-01-16 06:14:33 --> Argument 2 passed to view() must be of the type array, string given, called in C:\Project\PHPProjects\CIProjects\login_register\app\Views\main\dashboard.php on line 25
#0 C:\Project\PHPProjects\CIProjects\login_register\app\Views\main\dashboard.php(25): view('main/_partial/t...', 'Rhy')
#1 C:\Project\PHPProjects\CIProjects\login_register\system\View\View.php(246): include('C:\\Project\\PHPP...')
#2 C:\Project\PHPProjects\CIProjects\login_register\system\Common.php(1119): CodeIgniter\View\View->render('main/dashboard', Array, true)
#3 C:\Project\PHPProjects\CIProjects\login_register\app\Controllers\Dashboard.php(24): view('main/dashboard', Array)
#4 C:\Project\PHPProjects\CIProjects\login_register\system\CodeIgniter.php(918): App\Controllers\Dashboard->index()
#5 C:\Project\PHPProjects\CIProjects\login_register\system\CodeIgniter.php(404): CodeIgniter\CodeIgniter->runController(Object(App\Controllers\Dashboard))
#6 C:\Project\PHPProjects\CIProjects\login_register\system\CodeIgniter.php(312): CodeIgniter\CodeIgniter->handleRequest(NULL, Object(Config\Cache), false)
#7 C:\Project\PHPProjects\CIProjects\login_register\public\index.php(45): CodeIgniter\CodeIgniter->run()
#8 C:\Project\PHPProjects\CIProjects\login_register\system\Commands\Server\rewrite.php(34): require_once('C:\\Project\\PHPP...')
#9 {main}
CRITICAL - 2021-01-16 07:13:46 --> Class 'CodeIgniter\Model\MobilModel' not found
#0 C:\Project\PHPProjects\CIProjects\login_register\system\CodeIgniter.php(918): App\Controllers\Mobil->index()
#1 C:\Project\PHPProjects\CIProjects\login_register\system\CodeIgniter.php(404): CodeIgniter\CodeIgniter->runController(Object(App\Controllers\Mobil))
#2 C:\Project\PHPProjects\CIProjects\login_register\system\CodeIgniter.php(312): CodeIgniter\CodeIgniter->handleRequest(NULL, Object(Config\Cache), false)
#3 C:\Project\PHPProjects\CIProjects\login_register\public\index.php(45): CodeIgniter\CodeIgniter->run()
#4 C:\Project\PHPProjects\CIProjects\login_register\system\Commands\Server\rewrite.php(34): require_once('C:\\Project\\PHPP...')
#5 {main}
CRITICAL - 2021-01-16 07:14:38 --> Class 'CodeIgniter\Model\MobilModel' not found
#0 C:\Project\PHPProjects\CIProjects\login_register\system\CodeIgniter.php(918): App\Controllers\Mobil->index()
#1 C:\Project\PHPProjects\CIProjects\login_register\system\CodeIgniter.php(404): CodeIgniter\CodeIgniter->runController(Object(App\Controllers\Mobil))
#2 C:\Project\PHPProjects\CIProjects\login_register\system\CodeIgniter.php(312): CodeIgniter\CodeIgniter->handleRequest(NULL, Object(Config\Cache), false)
#3 C:\Project\PHPProjects\CIProjects\login_register\public\index.php(45): CodeIgniter\CodeIgniter->run()
#4 C:\Project\PHPProjects\CIProjects\login_register\system\Commands\Server\rewrite.php(34): require_once('C:\\Project\\PHPP...')
#5 {main}
CRITICAL - 2021-01-16 07:14:59 --> Class 'CodeIgniter\Model\MobilModel' not found
#0 C:\Project\PHPProjects\CIProjects\login_register\system\CodeIgniter.php(918): App\Controllers\Mobil->index()
#1 C:\Project\PHPProjects\CIProjects\login_register\system\CodeIgniter.php(404): CodeIgniter\CodeIgniter->runController(Object(App\Controllers\Mobil))
#2 C:\Project\PHPProjects\CIProjects\login_register\system\CodeIgniter.php(312): CodeIgniter\CodeIgniter->handleRequest(NULL, Object(Config\Cache), false)
#3 C:\Project\PHPProjects\CIProjects\login_register\public\index.php(45): CodeIgniter\CodeIgniter->run()
#4 C:\Project\PHPProjects\CIProjects\login_register\system\Commands\Server\rewrite.php(34): require_once('C:\\Project\\PHPP...')
#5 {main}
CRITICAL - 2021-01-16 07:37:29 --> Cannot use object of type mysqli as array
#0 C:\Project\PHPProjects\CIProjects\login_register\system\View\View.php(246): include()
#1 C:\Project\PHPProjects\CIProjects\login_register\system\Common.php(1119): CodeIgniter\View\View->render('main/mobil', Array, true)
#2 C:\Project\PHPProjects\CIProjects\login_register\app\Controllers\Mobil.php(35): view('main/mobil', Array)
#3 C:\Project\PHPProjects\CIProjects\login_register\system\CodeIgniter.php(918): App\Controllers\Mobil->index()
#4 C:\Project\PHPProjects\CIProjects\login_register\system\CodeIgniter.php(404): CodeIgniter\CodeIgniter->runController(Object(App\Controllers\Mobil))
#5 C:\Project\PHPProjects\CIProjects\login_register\system\CodeIgniter.php(312): CodeIgniter\CodeIgniter->handleRequest(NULL, Object(Config\Cache), false)
#6 C:\Project\PHPProjects\CIProjects\login_register\public\index.php(45): CodeIgniter\CodeIgniter->run()
#7 C:\Project\PHPProjects\CIProjects\login_register\system\Commands\Server\rewrite.php(34): require_once('C:\\Project\\PHPP...')
#8 {main}
CRITICAL - 2021-01-16 07:38:03 --> Undefined property: mysqli::$nama
#0 C:\Project\PHPProjects\CIProjects\login_register\app\Views\main\mobil.php(46): CodeIgniter\Debug\Exceptions->errorHandler(8, 'Undefined prope...', 'C:\\Project\\PHPP...', 46, Array)
#1 C:\Project\PHPProjects\CIProjects\login_register\system\View\View.php(246): include('C:\\Project\\PHPP...')
#2 C:\Project\PHPProjects\CIProjects\login_register\system\Common.php(1119): CodeIgniter\View\View->render('main/mobil', Array, true)
#3 C:\Project\PHPProjects\CIProjects\login_register\app\Controllers\Mobil.php(35): view('main/mobil', Array)
#4 C:\Project\PHPProjects\CIProjects\login_register\system\CodeIgniter.php(918): App\Controllers\Mobil->index()
#5 C:\Project\PHPProjects\CIProjects\login_register\system\CodeIgniter.php(404): CodeIgniter\CodeIgniter->runController(Object(App\Controllers\Mobil))
#6 C:\Project\PHPProjects\CIProjects\login_register\system\CodeIgniter.php(312): CodeIgniter\CodeIgniter->handleRequest(NULL, Object(Config\Cache), false)
#7 C:\Project\PHPProjects\CIProjects\login_register\public\index.php(45): CodeIgniter\CodeIgniter->run()
#8 C:\Project\PHPProjects\CIProjects\login_register\system\Commands\Server\rewrite.php(34): require_once('C:\\Project\\PHPP...')
#9 {main}
CRITICAL - 2021-01-16 07:38:23 --> Undefined property: CodeIgniter\Database\MySQLi\Result::$nama
#0 C:\Project\PHPProjects\CIProjects\login_register\app\Views\main\mobil.php(46): CodeIgniter\Debug\Exceptions->errorHandler(8, 'Undefined prope...', 'C:\\Project\\PHPP...', 46, Array)
#1 C:\Project\PHPProjects\CIProjects\login_register\system\View\View.php(246): include('C:\\Project\\PHPP...')
#2 C:\Project\PHPProjects\CIProjects\login_register\system\Common.php(1119): CodeIgniter\View\View->render('main/mobil', Array, true)
#3 C:\Project\PHPProjects\CIProjects\login_register\app\Controllers\Mobil.php(35): view('main/mobil', Array)
#4 C:\Project\PHPProjects\CIProjects\login_register\system\CodeIgniter.php(918): App\Controllers\Mobil->index()
#5 C:\Project\PHPProjects\CIProjects\login_register\system\CodeIgniter.php(404): CodeIgniter\CodeIgniter->runController(Object(App\Controllers\Mobil))
#6 C:\Project\PHPProjects\CIProjects\login_register\system\CodeIgniter.php(312): CodeIgniter\CodeIgniter->handleRequest(NULL, Object(Config\Cache), false)
#7 C:\Project\PHPProjects\CIProjects\login_register\public\index.php(45): CodeIgniter\CodeIgniter->run()
#8 C:\Project\PHPProjects\CIProjects\login_register\system\Commands\Server\rewrite.php(34): require_once('C:\\Project\\PHPP...')
#9 {main}
CRITICAL - 2021-01-16 07:38:30 --> Undefined property: mysqli::$nama
#0 C:\Project\PHPProjects\CIProjects\login_register\app\Views\main\mobil.php(46): CodeIgniter\Debug\Exceptions->errorHandler(8, 'Undefined prope...', 'C:\\Project\\PHPP...', 46, Array)
#1 C:\Project\PHPProjects\CIProjects\login_register\system\View\View.php(246): include('C:\\Project\\PHPP...')
#2 C:\Project\PHPProjects\CIProjects\login_register\system\Common.php(1119): CodeIgniter\View\View->render('main/mobil', Array, true)
#3 C:\Project\PHPProjects\CIProjects\login_register\app\Controllers\Mobil.php(35): view('main/mobil', Array)
#4 C:\Project\PHPProjects\CIProjects\login_register\system\CodeIgniter.php(918): App\Controllers\Mobil->index()
#5 C:\Project\PHPProjects\CIProjects\login_register\system\CodeIgniter.php(404): CodeIgniter\CodeIgniter->runController(Object(App\Controllers\Mobil))
#6 C:\Project\PHPProjects\CIProjects\login_register\system\CodeIgniter.php(312): CodeIgniter\CodeIgniter->handleRequest(NULL, Object(Config\Cache), false)
#7 C:\Project\PHPProjects\CIProjects\login_register\public\index.php(45): CodeIgniter\CodeIgniter->run()
#8 C:\Project\PHPProjects\CIProjects\login_register\system\Commands\Server\rewrite.php(34): require_once('C:\\Project\\PHPP...')
#9 {main}
CRITICAL - 2021-01-16 07:38:40 --> Cannot use object of type mysqli as array
#0 C:\Project\PHPProjects\CIProjects\login_register\system\View\View.php(246): include()
#1 C:\Project\PHPProjects\CIProjects\login_register\system\Common.php(1119): CodeIgniter\View\View->render('main/mobil', Array, true)
#2 C:\Project\PHPProjects\CIProjects\login_register\app\Controllers\Mobil.php(35): view('main/mobil', Array)
#3 C:\Project\PHPProjects\CIProjects\login_register\system\CodeIgniter.php(918): App\Controllers\Mobil->index()
#4 C:\Project\PHPProjects\CIProjects\login_register\system\CodeIgniter.php(404): CodeIgniter\CodeIgniter->runController(Object(App\Controllers\Mobil))
#5 C:\Project\PHPProjects\CIProjects\login_register\system\CodeIgniter.php(312): CodeIgniter\CodeIgniter->handleRequest(NULL, Object(Config\Cache), false)
#6 C:\Project\PHPProjects\CIProjects\login_register\public\index.php(45): CodeIgniter\CodeIgniter->run()
#7 C:\Project\PHPProjects\CIProjects\login_register\system\Commands\Server\rewrite.php(34): require_once('C:\\Project\\PHPP...')
#8 {main}
CRITICAL - 2021-01-16 07:39:54 --> Object of class CodeIgniter\Database\MySQLi\Result could not be converted to string
#0 C:\Project\PHPProjects\CIProjects\login_register\system\CodeIgniter.php(918): App\Controllers\Mobil->index()
#1 C:\Project\PHPProjects\CIProjects\login_register\system\CodeIgniter.php(404): CodeIgniter\CodeIgniter->runController(Object(App\Controllers\Mobil))
#2 C:\Project\PHPProjects\CIProjects\login_register\system\CodeIgniter.php(312): CodeIgniter\CodeIgniter->handleRequest(NULL, Object(Config\Cache), false)
#3 C:\Project\PHPProjects\CIProjects\login_register\public\index.php(45): CodeIgniter\CodeIgniter->run()
#4 C:\Project\PHPProjects\CIProjects\login_register\system\Commands\Server\rewrite.php(34): require_once('C:\\Project\\PHPP...')
#5 {main}
CRITICAL - 2021-01-16 07:40:12 --> Call to undefined function App\Controllers\getResult()
#0 C:\Project\PHPProjects\CIProjects\login_register\system\CodeIgniter.php(918): App\Controllers\Mobil->index()
#1 C:\Project\PHPProjects\CIProjects\login_register\system\CodeIgniter.php(404): CodeIgniter\CodeIgniter->runController(Object(App\Controllers\Mobil))
#2 C:\Project\PHPProjects\CIProjects\login_register\system\CodeIgniter.php(312): CodeIgniter\CodeIgniter->handleRequest(NULL, Object(Config\Cache), false)
#3 C:\Project\PHPProjects\CIProjects\login_register\public\index.php(45): CodeIgniter\CodeIgniter->run()
#4 C:\Project\PHPProjects\CIProjects\login_register\system\Commands\Server\rewrite.php(34): require_once('C:\\Project\\PHPP...')
#5 {main}
CRITICAL - 2021-01-16 07:40:50 --> Cannot use object of type stdClass as array
#0 C:\Project\PHPProjects\CIProjects\login_register\system\View\View.php(246): include()
#1 C:\Project\PHPProjects\CIProjects\login_register\system\Common.php(1119): CodeIgniter\View\View->render('main/mobil', Array, true)
#2 C:\Project\PHPProjects\CIProjects\login_register\app\Controllers\Mobil.php(36): view('main/mobil', Array)
#3 C:\Project\PHPProjects\CIProjects\login_register\system\CodeIgniter.php(918): App\Controllers\Mobil->index()
#4 C:\Project\PHPProjects\CIProjects\login_register\system\CodeIgniter.php(404): CodeIgniter\CodeIgniter->runController(Object(App\Controllers\Mobil))
#5 C:\Project\PHPProjects\CIProjects\login_register\system\CodeIgniter.php(312): CodeIgniter\CodeIgniter->handleRequest(NULL, Object(Config\Cache), false)
#6 C:\Project\PHPProjects\CIProjects\login_register\public\index.php(45): CodeIgniter\CodeIgniter->run()
#7 C:\Project\PHPProjects\CIProjects\login_register\system\Commands\Server\rewrite.php(34): require_once('C:\\Project\\PHPP...')
#8 {main}
CRITICAL - 2021-01-16 08:03:26 --> Invalid file: main/pesanan.php
#0 C:\Project\PHPProjects\CIProjects\login_register\system\View\View.php(228): CodeIgniter\Exceptions\FrameworkException::forInvalidFile('main/pesanan.ph...')
#1 C:\Project\PHPProjects\CIProjects\login_register\system\Common.php(1119): CodeIgniter\View\View->render('main/pesanan', Array, true)
#2 C:\Project\PHPProjects\CIProjects\login_register\app\Controllers\Riwayat_Pesanan.php(35): view('main/pesanan', Array)
#3 C:\Project\PHPProjects\CIProjects\login_register\system\CodeIgniter.php(918): App\Controllers\Riwayat_Pesanan->index()
#4 C:\Project\PHPProjects\CIProjects\login_register\system\CodeIgniter.php(404): CodeIgniter\CodeIgniter->runController(Object(App\Controllers\Riwayat_Pesanan))
#5 C:\Project\PHPProjects\CIProjects\login_register\system\CodeIgniter.php(312): CodeIgniter\CodeIgniter->handleRequest(NULL, Object(Config\Cache), false)
#6 C:\Project\PHPProjects\CIProjects\login_register\public\index.php(45): CodeIgniter\CodeIgniter->run()
#7 C:\Project\PHPProjects\CIProjects\login_register\system\Commands\Server\rewrite.php(34): require_once('C:\\Project\\PHPP...')
#8 {main}
CRITICAL - 2021-01-16 08:30:21 --> date_format() expects parameter 1 to be DateTimeInterface, string given
#0 [internal function]: CodeIgniter\Debug\Exceptions->errorHandler(2, 'date_format() e...', 'C:\\Project\\PHPP...', 49, Array)
#1 C:\Project\PHPProjects\CIProjects\login_register\app\Views\main\riwayat_pesanan.php(49): date_format('2020-01-18', 'd/m/Y')
#2 C:\Project\PHPProjects\CIProjects\login_register\system\View\View.php(246): include('C:\\Project\\PHPP...')
#3 C:\Project\PHPProjects\CIProjects\login_register\system\Common.php(1119): CodeIgniter\View\View->render('main/riwayat_pe...', Array, true)
#4 C:\Project\PHPProjects\CIProjects\login_register\app\Controllers\Riwayat_Pesanan.php(52): view('main/riwayat_pe...', Array)
#5 C:\Project\PHPProjects\CIProjects\login_register\system\CodeIgniter.php(918): App\Controllers\Riwayat_Pesanan->index()
#6 C:\Project\PHPProjects\CIProjects\login_register\system\CodeIgniter.php(404): CodeIgniter\CodeIgniter->runController(Object(App\Controllers\Riwayat_Pesanan))
#7 C:\Project\PHPProjects\CIProjects\login_register\system\CodeIgniter.php(312): CodeIgniter\CodeIgniter->handleRequest(NULL, Object(Config\Cache), false)
#8 C:\Project\PHPProjects\CIProjects\login_register\public\index.php(45): CodeIgniter\CodeIgniter->run()
#9 C:\Project\PHPProjects\CIProjects\login_register\system\Commands\Server\rewrite.php(34): require_once('C:\\Project\\PHPP...')
#10 {main}
CRITICAL - 2021-01-16 08:55:20 --> Undefined variable: email
#0 C:\Project\PHPProjects\CIProjects\login_register\app\Views\main\dashboard.php(114): CodeIgniter\Debug\Exceptions->errorHandler(8, 'Undefined varia...', 'C:\\Project\\PHPP...', 114, Array)
#1 C:\Project\PHPProjects\CIProjects\login_register\system\View\View.php(246): include('C:\\Project\\PHPP...')
#2 C:\Project\PHPProjects\CIProjects\login_register\system\Common.php(1119): CodeIgniter\View\View->render('main/dashboard', Array, true)
#3 C:\Project\PHPProjects\CIProjects\login_register\app\Controllers\Dashboard.php(43): view('main/dashboard', Array)
#4 C:\Project\PHPProjects\CIProjects\login_register\system\CodeIgniter.php(918): App\Controllers\Dashboard->index()
#5 C:\Project\PHPProjects\CIProjects\login_register\system\CodeIgniter.php(404): CodeIgniter\CodeIgniter->runController(Object(App\Controllers\Dashboard))
#6 C:\Project\PHPProjects\CIProjects\login_register\system\CodeIgniter.php(312): CodeIgniter\CodeIgniter->handleRequest(NULL, Object(Config\Cache), false)
#7 C:\Project\PHPProjects\CIProjects\login_register\public\index.php(45): CodeIgniter\CodeIgniter->run()
#8 C:\Project\PHPProjects\CIProjects\login_register\system\Commands\Server\rewrite.php(34): require_once('C:\\Project\\PHPP...')
#9 {main}
CRITICAL - 2021-01-16 09:03:12 --> Call to undefined method App\Models\PesananModel::countAllResult
#0 C:\Project\PHPProjects\CIProjects\login_register\app\Controllers\Dashboard.php(23): CodeIgniter\Model->__call('countAllResult', Array)
#1 C:\Project\PHPProjects\CIProjects\login_register\system\CodeIgniter.php(918): App\Controllers\Dashboard->index()
#2 C:\Project\PHPProjects\CIProjects\login_register\system\CodeIgniter.php(404): CodeIgniter\CodeIgniter->runController(Object(App\Controllers\Dashboard))
#3 C:\Project\PHPProjects\CIProjects\login_register\system\CodeIgniter.php(312): CodeIgniter\CodeIgniter->handleRequest(NULL, Object(Config\Cache), false)
#4 C:\Project\PHPProjects\CIProjects\login_register\public\index.php(45): CodeIgniter\CodeIgniter->run()
#5 C:\Project\PHPProjects\CIProjects\login_register\system\Commands\Server\rewrite.php(34): require_once('C:\\Project\\PHPP...')
#6 {main}
CRITICAL - 2021-01-16 09:16:41 --> Class 'App\Controllers\MobilMerk' not found
#0 C:\Project\PHPProjects\CIProjects\login_register\system\CodeIgniter.php(918): App\Controllers\Merk->index()
#1 C:\Project\PHPProjects\CIProjects\login_register\system\CodeIgniter.php(404): CodeIgniter\CodeIgniter->runController(Object(App\Controllers\Merk))
#2 C:\Project\PHPProjects\CIProjects\login_register\system\CodeIgniter.php(312): CodeIgniter\CodeIgniter->handleRequest(NULL, Object(Config\Cache), false)
#3 C:\Project\PHPProjects\CIProjects\login_register\public\index.php(45): CodeIgniter\CodeIgniter->run()
#4 C:\Project\PHPProjects\CIProjects\login_register\system\Commands\Server\rewrite.php(34): require_once('C:\\Project\\PHPP...')
#5 {main}
CRITICAL - 2021-01-16 09:16:50 --> Undefined variable: mobil
#0 C:\Project\PHPProjects\CIProjects\login_register\app\Views\main\mobil.php(44): CodeIgniter\Debug\Exceptions->errorHandler(8, 'Undefined varia...', 'C:\\Project\\PHPP...', 44, Array)
#1 C:\Project\PHPProjects\CIProjects\login_register\system\View\View.php(246): include('C:\\Project\\PHPP...')
#2 C:\Project\PHPProjects\CIProjects\login_register\system\Common.php(1119): CodeIgniter\View\View->render('main/mobil', Array, true)
#3 C:\Project\PHPProjects\CIProjects\login_register\app\Controllers\Merk.php(34): view('main/mobil', Array)
#4 C:\Project\PHPProjects\CIProjects\login_register\system\CodeIgniter.php(918): App\Controllers\Merk->index()
#5 C:\Project\PHPProjects\CIProjects\login_register\system\CodeIgniter.php(404): CodeIgniter\CodeIgniter->runController(Object(App\Controllers\Merk))
#6 C:\Project\PHPProjects\CIProjects\login_register\system\CodeIgniter.php(312): CodeIgniter\CodeIgniter->handleRequest(NULL, Object(Config\Cache), false)
#7 C:\Project\PHPProjects\CIProjects\login_register\public\index.php(45): CodeIgniter\CodeIgniter->run()
#8 C:\Project\PHPProjects\CIProjects\login_register\system\Commands\Server\rewrite.php(34): require_once('C:\\Project\\PHPP...')
#9 {main}
CRITICAL - 2021-01-16 09:17:04 --> Invalid argument supplied for foreach()
#0 C:\Project\PHPProjects\CIProjects\login_register\app\Views\main\merk.php(43): CodeIgniter\Debug\Exceptions->errorHandler(2, 'Invalid argumen...', 'C:\\Project\\PHPP...', 43, Array)
#1 C:\Project\PHPProjects\CIProjects\login_register\system\View\View.php(246): include('C:\\Project\\PHPP...')
#2 C:\Project\PHPProjects\CIProjects\login_register\system\Common.php(1119): CodeIgniter\View\View->render('main/merk', Array, true)
#3 C:\Project\PHPProjects\CIProjects\login_register\app\Controllers\Merk.php(34): view('main/merk', Array)
#4 C:\Project\PHPProjects\CIProjects\login_register\system\CodeIgniter.php(918): App\Controllers\Merk->index()
#5 C:\Project\PHPProjects\CIProjects\login_register\system\CodeIgniter.php(404): CodeIgniter\CodeIgniter->runController(Object(App\Controllers\Merk))
#6 C:\Project\PHPProjects\CIProjects\login_register\system\CodeIgniter.php(312): CodeIgniter\CodeIgniter->handleRequest(NULL, Object(Config\Cache), false)
#7 C:\Project\PHPProjects\CIProjects\login_register\public\index.php(45): CodeIgniter\CodeIgniter->run()
#8 C:\Project\PHPProjects\CIProjects\login_register\system\Commands\Server\rewrite.php(34): require_once('C:\\Project\\PHPP...')
#9 {main}
CRITICAL - 2021-01-16 09:18:12 --> Undefined variable: merk
#0 C:\Project\PHPProjects\CIProjects\login_register\app\Views\main\merk.php(43): CodeIgniter\Debug\Exceptions->errorHandler(8, 'Undefined varia...', 'C:\\Project\\PHPP...', 43, Array)
#1 C:\Project\PHPProjects\CIProjects\login_register\system\View\View.php(246): include('C:\\Project\\PHPP...')
#2 C:\Project\PHPProjects\CIProjects\login_register\system\Common.php(1119): CodeIgniter\View\View->render('main/merk', Array, true)
#3 C:\Project\PHPProjects\CIProjects\login_register\app\Controllers\Merk.php(34): view('main/merk', Array)
#4 C:\Project\PHPProjects\CIProjects\login_register\system\CodeIgniter.php(918): App\Controllers\Merk->index()
#5 C:\Project\PHPProjects\CIProjects\login_register\system\CodeIgniter.php(404): CodeIgniter\CodeIgniter->runController(Object(App\Controllers\Merk))
#6 C:\Project\PHPProjects\CIProjects\login_register\system\CodeIgniter.php(312): CodeIgniter\CodeIgniter->handleRequest(NULL, Object(Config\Cache), false)
#7 C:\Project\PHPProjects\CIProjects\login_register\public\index.php(45): CodeIgniter\CodeIgniter->run()
#8 C:\Project\PHPProjects\CIProjects\login_register\system\Commands\Server\rewrite.php(34): require_once('C:\\Project\\PHPP...')
#9 {main}
CRITICAL - 2021-01-16 09:18:16 --> Invalid argument supplied for foreach()
#0 C:\Project\PHPProjects\CIProjects\login_register\app\Views\main\merk.php(43): CodeIgniter\Debug\Exceptions->errorHandler(2, 'Invalid argumen...', 'C:\\Project\\PHPP...', 43, Array)
#1 C:\Project\PHPProjects\CIProjects\login_register\system\View\View.php(246): include('C:\\Project\\PHPP...')
#2 C:\Project\PHPProjects\CIProjects\login_register\system\Common.php(1119): CodeIgniter\View\View->render('main/merk', Array, true)
#3 C:\Project\PHPProjects\CIProjects\login_register\app\Controllers\Merk.php(34): view('main/merk', Array)
#4 C:\Project\PHPProjects\CIProjects\login_register\system\CodeIgniter.php(918): App\Controllers\Merk->index()
#5 C:\Project\PHPProjects\CIProjects\login_register\system\CodeIgniter.php(404): CodeIgniter\CodeIgniter->runController(Object(App\Controllers\Merk))
#6 C:\Project\PHPProjects\CIProjects\login_register\system\CodeIgniter.php(312): CodeIgniter\CodeIgniter->handleRequest(NULL, Object(Config\Cache), false)
#7 C:\Project\PHPProjects\CIProjects\login_register\public\index.php(45): CodeIgniter\CodeIgniter->run()
#8 C:\Project\PHPProjects\CIProjects\login_register\system\Commands\Server\rewrite.php(34): require_once('C:\\Project\\PHPP...')
#9 {main}
CRITICAL - 2021-01-16 09:19:02 --> syntax error, unexpected '}', expecting ';' or ','
#0 C:\Project\PHPProjects\CIProjects\login_register\system\Router\Router.php(195): CodeIgniter\Router\Router->autoRoute('merk')
#1 C:\Project\PHPProjects\CIProjects\login_register\system\CodeIgniter.php(793): CodeIgniter\Router\Router->handle('merk')
#2 C:\Project\PHPProjects\CIProjects\login_register\system\CodeIgniter.php(364): CodeIgniter\CodeIgniter->tryToRouteIt(Object(CodeIgniter\Router\RouteCollection))
#3 C:\Project\PHPProjects\CIProjects\login_register\system\CodeIgniter.php(312): CodeIgniter\CodeIgniter->handleRequest(NULL, Object(Config\Cache), false)
#4 C:\Project\PHPProjects\CIProjects\login_register\public\index.php(45): CodeIgniter\CodeIgniter->run()
#5 C:\Project\PHPProjects\CIProjects\login_register\system\Commands\Server\rewrite.php(34): require_once('C:\\Project\\PHPP...')
#6 {main}
CRITICAL - 2021-01-16 09:19:15 --> Invalid argument supplied for foreach()
#0 C:\Project\PHPProjects\CIProjects\login_register\app\Views\main\merk.php(43): CodeIgniter\Debug\Exceptions->errorHandler(2, 'Invalid argumen...', 'C:\\Project\\PHPP...', 43, Array)
#1 C:\Project\PHPProjects\CIProjects\login_register\system\View\View.php(246): include('C:\\Project\\PHPP...')
#2 C:\Project\PHPProjects\CIProjects\login_register\system\Common.php(1119): CodeIgniter\View\View->render('main/merk', Array, true)
#3 C:\Project\PHPProjects\CIProjects\login_register\app\Controllers\Merk.php(34): view('main/merk', Array)
#4 C:\Project\PHPProjects\CIProjects\login_register\system\CodeIgniter.php(918): App\Controllers\Merk->index()
#5 C:\Project\PHPProjects\CIProjects\login_register\system\CodeIgniter.php(404): CodeIgniter\CodeIgniter->runController(Object(App\Controllers\Merk))
#6 C:\Project\PHPProjects\CIProjects\login_register\system\CodeIgniter.php(312): CodeIgniter\CodeIgniter->handleRequest(NULL, Object(Config\Cache), false)
#7 C:\Project\PHPProjects\CIProjects\login_register\public\index.php(45): CodeIgniter\CodeIgniter->run()
#8 C:\Project\PHPProjects\CIProjects\login_register\system\Commands\Server\rewrite.php(34): require_once('C:\\Project\\PHPP...')
#9 {main}
CRITICAL - 2021-01-16 09:19:23 --> Undefined variable: merk
#0 C:\Project\PHPProjects\CIProjects\login_register\app\Views\main\merk.php(43): CodeIgniter\Debug\Exceptions->errorHandler(8, 'Undefined varia...', 'C:\\Project\\PHPP...', 43, Array)
#1 C:\Project\PHPProjects\CIProjects\login_register\system\View\View.php(246): include('C:\\Project\\PHPP...')
#2 C:\Project\PHPProjects\CIProjects\login_register\system\Common.php(1119): CodeIgniter\View\View->render('main/merk', Array, true)
#3 C:\Project\PHPProjects\CIProjects\login_register\app\Controllers\Merk.php(34): view('main/merk', Array)
#4 C:\Project\PHPProjects\CIProjects\login_register\system\CodeIgniter.php(918): App\Controllers\Merk->index()
#5 C:\Project\PHPProjects\CIProjects\login_register\system\CodeIgniter.php(404): CodeIgniter\CodeIgniter->runController(Object(App\Controllers\Merk))
#6 C:\Project\PHPProjects\CIProjects\login_register\system\CodeIgniter.php(312): CodeIgniter\CodeIgniter->handleRequest(NULL, Object(Config\Cache), false)
#7 C:\Project\PHPProjects\CIProjects\login_register\public\index.php(45): CodeIgniter\CodeIgniter->run()
#8 C:\Project\PHPProjects\CIProjects\login_register\system\Commands\Server\rewrite.php(34): require_once('C:\\Project\\PHPP...')
#9 {main}
CRITICAL - 2021-01-16 09:19:35 --> Invalid argument supplied for foreach()
#0 C:\Project\PHPProjects\CIProjects\login_register\app\Views\main\merk.php(43): CodeIgniter\Debug\Exceptions->errorHandler(2, 'Invalid argumen...', 'C:\\Project\\PHPP...', 43, Array)
#1 C:\Project\PHPProjects\CIProjects\login_register\system\View\View.php(246): include('C:\\Project\\PHPP...')
#2 C:\Project\PHPProjects\CIProjects\login_register\system\Common.php(1119): CodeIgniter\View\View->render('main/merk', Array, true)
#3 C:\Project\PHPProjects\CIProjects\login_register\app\Controllers\Merk.php(34): view('main/merk', Array)
#4 C:\Project\PHPProjects\CIProjects\login_register\system\CodeIgniter.php(918): App\Controllers\Merk->index()
#5 C:\Project\PHPProjects\CIProjects\login_register\system\CodeIgniter.php(404): CodeIgniter\CodeIgniter->runController(Object(App\Controllers\Merk))
#6 C:\Project\PHPProjects\CIProjects\login_register\system\CodeIgniter.php(312): CodeIgniter\CodeIgniter->handleRequest(NULL, Object(Config\Cache), false)
#7 C:\Project\PHPProjects\CIProjects\login_register\public\index.php(45): CodeIgniter\CodeIgniter->run()
#8 C:\Project\PHPProjects\CIProjects\login_register\system\Commands\Server\rewrite.php(34): require_once('C:\\Project\\PHPP...')
#9 {main}
CRITICAL - 2021-01-16 09:20:02 --> Call to undefined method App\Models\MerkModel::getResult
#0 C:\Project\PHPProjects\CIProjects\login_register\app\Controllers\Merk.php(15): CodeIgniter\Model->__call('getResult', Array)
#1 C:\Project\PHPProjects\CIProjects\login_register\system\CodeIgniter.php(918): App\Controllers\Merk->index()
#2 C:\Project\PHPProjects\CIProjects\login_register\system\CodeIgniter.php(404): CodeIgniter\CodeIgniter->runController(Object(App\Controllers\Merk))
#3 C:\Project\PHPProjects\CIProjects\login_register\system\CodeIgniter.php(312): CodeIgniter\CodeIgniter->handleRequest(NULL, Object(Config\Cache), false)
#4 C:\Project\PHPProjects\CIProjects\login_register\public\index.php(45): CodeIgniter\CodeIgniter->run()
#5 C:\Project\PHPProjects\CIProjects\login_register\system\Commands\Server\rewrite.php(34): require_once('C:\\Project\\PHPP...')
#6 {main}
CRITICAL - 2021-01-16 09:20:06 --> Call to undefined method App\Models\MerkModel::getResults
#0 C:\Project\PHPProjects\CIProjects\login_register\app\Controllers\Merk.php(15): CodeIgniter\Model->__call('getResults', Array)
#1 C:\Project\PHPProjects\CIProjects\login_register\system\CodeIgniter.php(918): App\Controllers\Merk->index()
#2 C:\Project\PHPProjects\CIProjects\login_register\system\CodeIgniter.php(404): CodeIgniter\CodeIgniter->runController(Object(App\Controllers\Merk))
#3 C:\Project\PHPProjects\CIProjects\login_register\system\CodeIgniter.php(312): CodeIgniter\CodeIgniter->handleRequest(NULL, Object(Config\Cache), false)
#4 C:\Project\PHPProjects\CIProjects\login_register\public\index.php(45): CodeIgniter\CodeIgniter->run()
#5 C:\Project\PHPProjects\CIProjects\login_register\system\Commands\Server\rewrite.php(34): require_once('C:\\Project\\PHPP...')
#6 {main}
CRITICAL - 2021-01-16 09:21:06 --> Undefined property: mysqli::$merk
#0 C:\Project\PHPProjects\CIProjects\login_register\app\Views\main\merk.php(46): CodeIgniter\Debug\Exceptions->errorHandler(8, 'Undefined prope...', 'C:\\Project\\PHPP...', 46, Array)
#1 C:\Project\PHPProjects\CIProjects\login_register\system\View\View.php(246): include('C:\\Project\\PHPP...')
#2 C:\Project\PHPProjects\CIProjects\login_register\system\Common.php(1119): CodeIgniter\View\View->render('main/merk', Array, true)
#3 C:\Project\PHPProjects\CIProjects\login_register\app\Controllers\Merk.php(34): view('main/merk', Array)
#4 C:\Project\PHPProjects\CIProjects\login_register\system\CodeIgniter.php(918): App\Controllers\Merk->index()
#5 C:\Project\PHPProjects\CIProjects\login_register\system\CodeIgniter.php(404): CodeIgniter\CodeIgniter->runController(Object(App\Controllers\Merk))
#6 C:\Project\PHPProjects\CIProjects\login_register\system\CodeIgniter.php(312): CodeIgniter\CodeIgniter->handleRequest(NULL, Object(Config\Cache), false)
#7 C:\Project\PHPProjects\CIProjects\login_register\public\index.php(45): CodeIgniter\CodeIgniter->run()
#8 C:\Project\PHPProjects\CIProjects\login_register\system\Commands\Server\rewrite.php(34): require_once('C:\\Project\\PHPP...')
#9 {main}
CRITICAL - 2021-01-16 09:21:28 --> Call to undefined method CodeIgniter\Database\MySQLi\Result::getResults()
#0 C:\Project\PHPProjects\CIProjects\login_register\system\CodeIgniter.php(918): App\Controllers\Merk->index()
#1 C:\Project\PHPProjects\CIProjects\login_register\system\CodeIgniter.php(404): CodeIgniter\CodeIgniter->runController(Object(App\Controllers\Merk))
#2 C:\Project\PHPProjects\CIProjects\login_register\system\CodeIgniter.php(312): CodeIgniter\CodeIgniter->handleRequest(NULL, Object(Config\Cache), false)
#3 C:\Project\PHPProjects\CIProjects\login_register\public\index.php(45): CodeIgniter\CodeIgniter->run()
#4 C:\Project\PHPProjects\CIProjects\login_register\system\Commands\Server\rewrite.php(34): require_once('C:\\Project\\PHPP...')
#5 {main}
CRITICAL - 2021-01-16 09:21:35 --> Undefined property: stdClass::$merk
#0 C:\Project\PHPProjects\CIProjects\login_register\app\Views\main\merk.php(46): CodeIgniter\Debug\Exceptions->errorHandler(8, 'Undefined prope...', 'C:\\Project\\PHPP...', 46, Array)
#1 C:\Project\PHPProjects\CIProjects\login_register\system\View\View.php(246): include('C:\\Project\\PHPP...')
#2 C:\Project\PHPProjects\CIProjects\login_register\system\Common.php(1119): CodeIgniter\View\View->render('main/merk', Array, true)
#3 C:\Project\PHPProjects\CIProjects\login_register\app\Controllers\Merk.php(34): view('main/merk', Array)
#4 C:\Project\PHPProjects\CIProjects\login_register\system\CodeIgniter.php(918): App\Controllers\Merk->index()
#5 C:\Project\PHPProjects\CIProjects\login_register\system\CodeIgniter.php(404): CodeIgniter\CodeIgniter->runController(Object(App\Controllers\Merk))
#6 C:\Project\PHPProjects\CIProjects\login_register\system\CodeIgniter.php(312): CodeIgniter\CodeIgniter->handleRequest(NULL, Object(Config\Cache), false)
#7 C:\Project\PHPProjects\CIProjects\login_register\public\index.php(45): CodeIgniter\CodeIgniter->run()
#8 C:\Project\PHPProjects\CIProjects\login_register\system\Commands\Server\rewrite.php(34): require_once('C:\\Project\\PHPP...')
#9 {main}
CRITICAL - 2021-01-16 09:21:54 --> Array to string conversion
#0 C:\Project\PHPProjects\CIProjects\login_register\app\Controllers\Merk.php(31): CodeIgniter\Debug\Exceptions->errorHandler(8, 'Array to string...', 'C:\\Project\\PHPP...', 31, Array)
#1 C:\Project\PHPProjects\CIProjects\login_register\system\CodeIgniter.php(918): App\Controllers\Merk->index()
#2 C:\Project\PHPProjects\CIProjects\login_register\system\CodeIgniter.php(404): CodeIgniter\CodeIgniter->runController(Object(App\Controllers\Merk))
#3 C:\Project\PHPProjects\CIProjects\login_register\system\CodeIgniter.php(312): CodeIgniter\CodeIgniter->handleRequest(NULL, Object(Config\Cache), false)
#4 C:\Project\PHPProjects\CIProjects\login_register\public\index.php(45): CodeIgniter\CodeIgniter->run()
#5 C:\Project\PHPProjects\CIProjects\login_register\system\Commands\Server\rewrite.php(34): require_once('C:\\Project\\PHPP...')
#6 {main}
CRITICAL - 2021-01-16 09:22:34 --> Call to undefined method CodeIgniter\Database\MySQLi\Result::getResults()
#0 C:\Project\PHPProjects\CIProjects\login_register\system\View\View.php(246): include()
#1 C:\Project\PHPProjects\CIProjects\login_register\system\Common.php(1119): CodeIgniter\View\View->render('main/merk', Array, true)
#2 C:\Project\PHPProjects\CIProjects\login_register\app\Controllers\Merk.php(34): view('main/merk', Array)
#3 C:\Project\PHPProjects\CIProjects\login_register\system\CodeIgniter.php(918): App\Controllers\Merk->index()
#4 C:\Project\PHPProjects\CIProjects\login_register\system\CodeIgniter.php(404): CodeIgniter\CodeIgniter->runController(Object(App\Controllers\Merk))
#5 C:\Project\PHPProjects\CIProjects\login_register\system\CodeIgniter.php(312): CodeIgniter\CodeIgniter->handleRequest(NULL, Object(Config\Cache), false)
#6 C:\Project\PHPProjects\CIProjects\login_register\public\index.php(45): CodeIgniter\CodeIgniter->run()
#7 C:\Project\PHPProjects\CIProjects\login_register\system\Commands\Server\rewrite.php(34): require_once('C:\\Project\\PHPP...')
#8 {main}
CRITICAL - 2021-01-16 09:22:43 --> Undefined property: stdClass::$merk
#0 C:\Project\PHPProjects\CIProjects\login_register\app\Views\main\merk.php(46): CodeIgniter\Debug\Exceptions->errorHandler(8, 'Undefined prope...', 'C:\\Project\\PHPP...', 46, Array)
#1 C:\Project\PHPProjects\CIProjects\login_register\system\View\View.php(246): include('C:\\Project\\PHPP...')
#2 C:\Project\PHPProjects\CIProjects\login_register\system\Common.php(1119): CodeIgniter\View\View->render('main/merk', Array, true)
#3 C:\Project\PHPProjects\CIProjects\login_register\app\Controllers\Merk.php(34): view('main/merk', Array)
#4 C:\Project\PHPProjects\CIProjects\login_register\system\CodeIgniter.php(918): App\Controllers\Merk->index()
#5 C:\Project\PHPProjects\CIProjects\login_register\system\CodeIgniter.php(404): CodeIgniter\CodeIgniter->runController(Object(App\Controllers\Merk))
#6 C:\Project\PHPProjects\CIProjects\login_register\system\CodeIgniter.php(312): CodeIgniter\CodeIgniter->handleRequest(NULL, Object(Config\Cache), false)
#7 C:\Project\PHPProjects\CIProjects\login_register\public\index.php(45): CodeIgniter\CodeIgniter->run()
#8 C:\Project\PHPProjects\CIProjects\login_register\system\Commands\Server\rewrite.php(34): require_once('C:\\Project\\PHPP...')
#9 {main}
CRITICAL - 2021-01-16 09:22:53 --> Undefined property: mysqli::$merk
#0 C:\Project\PHPProjects\CIProjects\login_register\app\Views\main\merk.php(46): CodeIgniter\Debug\Exceptions->errorHandler(8, 'Undefined prope...', 'C:\\Project\\PHPP...', 46, Array)
#1 C:\Project\PHPProjects\CIProjects\login_register\system\View\View.php(246): include('C:\\Project\\PHPP...')
#2 C:\Project\PHPProjects\CIProjects\login_register\system\Common.php(1119): CodeIgniter\View\View->render('main/merk', Array, true)
#3 C:\Project\PHPProjects\CIProjects\login_register\app\Controllers\Merk.php(34): view('main/merk', Array)
#4 C:\Project\PHPProjects\CIProjects\login_register\system\CodeIgniter.php(918): App\Controllers\Merk->index()
#5 C:\Project\PHPProjects\CIProjects\login_register\system\CodeIgniter.php(404): CodeIgniter\CodeIgniter->runController(Object(App\Controllers\Merk))
#6 C:\Project\PHPProjects\CIProjects\login_register\system\CodeIgniter.php(312): CodeIgniter\CodeIgniter->handleRequest(NULL, Object(Config\Cache), false)
#7 C:\Project\PHPProjects\CIProjects\login_register\public\index.php(45): CodeIgniter\CodeIgniter->run()
#8 C:\Project\PHPProjects\CIProjects\login_register\system\Commands\Server\rewrite.php(34): require_once('C:\\Project\\PHPP...')
#9 {main}
CRITICAL - 2021-01-16 09:23:48 --> Object of class CodeIgniter\Database\MySQLi\Result could not be converted to string
#0 C:\Project\PHPProjects\CIProjects\login_register\system\CodeIgniter.php(918): App\Controllers\Merk->index()
#1 C:\Project\PHPProjects\CIProjects\login_register\system\CodeIgniter.php(404): CodeIgniter\CodeIgniter->runController(Object(App\Controllers\Merk))
#2 C:\Project\PHPProjects\CIProjects\login_register\system\CodeIgniter.php(312): CodeIgniter\CodeIgniter->handleRequest(NULL, Object(Config\Cache), false)
#3 C:\Project\PHPProjects\CIProjects\login_register\public\index.php(45): CodeIgniter\CodeIgniter->run()
#4 C:\Project\PHPProjects\CIProjects\login_register\system\Commands\Server\rewrite.php(34): require_once('C:\\Project\\PHPP...')
#5 {main}
CRITICAL - 2021-01-16 09:29:08 --> Invalid file: main/_partial/navbar.php
#0 C:\Project\PHPProjects\CIProjects\login_register\system\View\View.php(228): CodeIgniter\Exceptions\FrameworkException::forInvalidFile('main/_partial/n...')
#1 C:\Project\PHPProjects\CIProjects\login_register\system\Common.php(1119): CodeIgniter\View\View->render('main/_partial/n...', Array, true)
#2 C:\Project\PHPProjects\CIProjects\login_register\app\Views\main\mobil.php(21): view('main/_partial/n...', Array)
#3 C:\Project\PHPProjects\CIProjects\login_register\system\View\View.php(246): include('C:\\Project\\PHPP...')
#4 C:\Project\PHPProjects\CIProjects\login_register\system\Common.php(1119): CodeIgniter\View\View->render('main/mobil', Array, true)
#5 C:\Project\PHPProjects\CIProjects\login_register\app\Controllers\Mobil.php(38): view('main/mobil', Array)
#6 C:\Project\PHPProjects\CIProjects\login_register\system\CodeIgniter.php(918): App\Controllers\Mobil->index()
#7 C:\Project\PHPProjects\CIProjects\login_register\system\CodeIgniter.php(404): CodeIgniter\CodeIgniter->runController(Object(App\Controllers\Mobil))
#8 C:\Project\PHPProjects\CIProjects\login_register\system\CodeIgniter.php(312): CodeIgniter\CodeIgniter->handleRequest(NULL, Object(Config\Cache), false)
#9 C:\Project\PHPProjects\CIProjects\login_register\public\index.php(45): CodeIgniter\CodeIgniter->run()
#10 C:\Project\PHPProjects\CIProjects\login_register\system\Commands\Server\rewrite.php(34): require_once('C:\\Project\\PHPP...')
#11 {main}
CRITICAL - 2021-01-16 10:43:36 --> Too few arguments to function App\Controllers\Book::index(), 0 passed in C:\Project\PHPProjects\CIProjects\login_register\system\CodeIgniter.php on line 918 and exactly 1 expected
#0 C:\Project\PHPProjects\CIProjects\login_register\system\CodeIgniter.php(918): App\Controllers\Book->index()
#1 C:\Project\PHPProjects\CIProjects\login_register\system\CodeIgniter.php(404): CodeIgniter\CodeIgniter->runController(Object(App\Controllers\Book))
#2 C:\Project\PHPProjects\CIProjects\login_register\system\CodeIgniter.php(312): CodeIgniter\CodeIgniter->handleRequest(NULL, Object(Config\Cache), false)
#3 C:\Project\PHPProjects\CIProjects\login_register\public\index.php(45): CodeIgniter\CodeIgniter->run()
#4 C:\Project\PHPProjects\CIProjects\login_register\system\Commands\Server\rewrite.php(34): require_once('C:\\Project\\PHPP...')
#5 {main}
CRITICAL - 2021-01-16 10:47:45 --> You have an error in your SQL syntax; check the manual that corresponds to your MariaDB server version for the right syntax to use near '' at line 5
#0 C:\Project\PHPProjects\CIProjects\login_register\system\Database\MySQLi\Connection.php(331): mysqli->query('SELECT mbl.*, m...')
#1 C:\Project\PHPProjects\CIProjects\login_register\system\Database\BaseConnection.php(741): CodeIgniter\Database\MySQLi\Connection->execute('SELECT mbl.*, m...')
#2 C:\Project\PHPProjects\CIProjects\login_register\system\Database\BaseConnection.php(669): CodeIgniter\Database\BaseConnection->simpleQuery('SELECT mbl.*, m...')
#3 C:\Project\PHPProjects\CIProjects\login_register\app\Controllers\Book.php(20): CodeIgniter\Database\BaseConnection->query('SELECT mbl.*, m...')
#4 C:\Project\PHPProjects\CIProjects\login_register\system\CodeIgniter.php(918): App\Controllers\Book->index()
#5 C:\Project\PHPProjects\CIProjects\login_register\system\CodeIgniter.php(404): CodeIgniter\CodeIgniter->runController(Object(App\Controllers\Book))
#6 C:\Project\PHPProjects\CIProjects\login_register\system\CodeIgniter.php(312): CodeIgniter\CodeIgniter->handleRequest(NULL, Object(Config\Cache), false)
#7 C:\Project\PHPProjects\CIProjects\login_register\public\index.php(45): CodeIgniter\CodeIgniter->run()
#8 C:\Project\PHPProjects\CIProjects\login_register\system\Commands\Server\rewrite.php(34): require_once('C:\\Project\\PHPP...')
#9 {main}
CRITICAL - 2021-01-16 10:48:21 --> Undefined index: status
#0 C:\Project\PHPProjects\CIProjects\login_register\app\Controllers\Book.php(36): CodeIgniter\Debug\Exceptions->errorHandler(8, 'Undefined index...', 'C:\\Project\\PHPP...', 36, Array)
#1 C:\Project\PHPProjects\CIProjects\login_register\system\CodeIgniter.php(918): App\Controllers\Book->index()
#2 C:\Project\PHPProjects\CIProjects\login_register\system\CodeIgniter.php(404): CodeIgniter\CodeIgniter->runController(Object(App\Controllers\Book))
#3 C:\Project\PHPProjects\CIProjects\login_register\system\CodeIgniter.php(312): CodeIgniter\CodeIgniter->handleRequest(NULL, Object(Config\Cache), false)
#4 C:\Project\PHPProjects\CIProjects\login_register\public\index.php(45): CodeIgniter\CodeIgniter->run()
#5 C:\Project\PHPProjects\CIProjects\login_register\system\Commands\Server\rewrite.php(34): require_once('C:\\Project\\PHPP...')
#6 {main}
CRITICAL - 2021-01-16 10:48:52 --> You have an error in your SQL syntax; check the manual that corresponds to your MariaDB server version for the right syntax to use near '' at line 5
#0 C:\Project\PHPProjects\CIProjects\login_register\system\Database\MySQLi\Connection.php(331): mysqli->query('SELECT mbl.*, m...')
#1 C:\Project\PHPProjects\CIProjects\login_register\system\Database\BaseConnection.php(741): CodeIgniter\Database\MySQLi\Connection->execute('SELECT mbl.*, m...')
#2 C:\Project\PHPProjects\CIProjects\login_register\system\Database\BaseConnection.php(669): CodeIgniter\Database\BaseConnection->simpleQuery('SELECT mbl.*, m...')
#3 C:\Project\PHPProjects\CIProjects\login_register\app\Controllers\Book.php(20): CodeIgniter\Database\BaseConnection->query('SELECT mbl.*, m...')
#4 C:\Project\PHPProjects\CIProjects\login_register\system\CodeIgniter.php(918): App\Controllers\Book->index()
#5 C:\Project\PHPProjects\CIProjects\login_register\system\CodeIgniter.php(404): CodeIgniter\CodeIgniter->runController(Object(App\Controllers\Book))
#6 C:\Project\PHPProjects\CIProjects\login_register\system\CodeIgniter.php(312): CodeIgniter\CodeIgniter->handleRequest(NULL, Object(Config\Cache), false)
#7 C:\Project\PHPProjects\CIProjects\login_register\public\index.php(45): CodeIgniter\CodeIgniter->run()
#8 C:\Project\PHPProjects\CIProjects\login_register\system\Commands\Server\rewrite.php(34): require_once('C:\\Project\\PHPP...')
#9 {main}
CRITICAL - 2021-01-16 10:48:52 --> You have an error in your SQL syntax; check the manual that corresponds to your MariaDB server version for the right syntax to use near '' at line 5
#0 C:\Project\PHPProjects\CIProjects\login_register\system\Database\MySQLi\Connection.php(331): mysqli->query('SELECT mbl.*, m...')
#1 C:\Project\PHPProjects\CIProjects\login_register\system\Database\BaseConnection.php(741): CodeIgniter\Database\MySQLi\Connection->execute('SELECT mbl.*, m...')
#2 C:\Project\PHPProjects\CIProjects\login_register\system\Database\BaseConnection.php(669): CodeIgniter\Database\BaseConnection->simpleQuery('SELECT mbl.*, m...')
#3 C:\Project\PHPProjects\CIProjects\login_register\app\Controllers\Book.php(20): CodeIgniter\Database\BaseConnection->query('SELECT mbl.*, m...')
#4 C:\Project\PHPProjects\CIProjects\login_register\system\CodeIgniter.php(918): App\Controllers\Book->index()
#5 C:\Project\PHPProjects\CIProjects\login_register\system\CodeIgniter.php(404): CodeIgniter\CodeIgniter->runController(Object(App\Controllers\Book))
#6 C:\Project\PHPProjects\CIProjects\login_register\system\CodeIgniter.php(312): CodeIgniter\CodeIgniter->handleRequest(NULL, Object(Config\Cache), false)
#7 C:\Project\PHPProjects\CIProjects\login_register\public\index.php(45): CodeIgniter\CodeIgniter->run()
#8 C:\Project\PHPProjects\CIProjects\login_register\system\Commands\Server\rewrite.php(34): require_once('C:\\Project\\PHPP...')
#9 {main}
CRITICAL - 2021-01-16 10:50:25 --> Undefined index: status
#0 C:\Project\PHPProjects\CIProjects\login_register\app\Controllers\Book.php(36): CodeIgniter\Debug\Exceptions->errorHandler(8, 'Undefined index...', 'C:\\Project\\PHPP...', 36, Array)
#1 C:\Project\PHPProjects\CIProjects\login_register\system\CodeIgniter.php(918): App\Controllers\Book->index('13')
#2 C:\Project\PHPProjects\CIProjects\login_register\system\CodeIgniter.php(404): CodeIgniter\CodeIgniter->runController(Object(App\Controllers\Book))
#3 C:\Project\PHPProjects\CIProjects\login_register\system\CodeIgniter.php(312): CodeIgniter\CodeIgniter->handleRequest(NULL, Object(Config\Cache), false)
#4 C:\Project\PHPProjects\CIProjects\login_register\public\index.php(45): CodeIgniter\CodeIgniter->run()
#5 C:\Project\PHPProjects\CIProjects\login_register\system\Commands\Server\rewrite.php(34): require_once('C:\\Project\\PHPP...')
#6 {main}
CRITICAL - 2021-01-16 10:50:37 --> Trying to get property 'status' of non-object
#0 C:\Project\PHPProjects\CIProjects\login_register\app\Controllers\Book.php(36): CodeIgniter\Debug\Exceptions->errorHandler(8, 'Trying to get p...', 'C:\\Project\\PHPP...', 36, Array)
#1 C:\Project\PHPProjects\CIProjects\login_register\system\CodeIgniter.php(918): App\Controllers\Book->index('13')
#2 C:\Project\PHPProjects\CIProjects\login_register\system\CodeIgniter.php(404): CodeIgniter\CodeIgniter->runController(Object(App\Controllers\Book))
#3 C:\Project\PHPProjects\CIProjects\login_register\system\CodeIgniter.php(312): CodeIgniter\CodeIgniter->handleRequest(NULL, Object(Config\Cache), false)
#4 C:\Project\PHPProjects\CIProjects\login_register\public\index.php(45): CodeIgniter\CodeIgniter->run()
#5 C:\Project\PHPProjects\CIProjects\login_register\system\Commands\Server\rewrite.php(34): require_once('C:\\Project\\PHPP...')
#6 {main}
CRITICAL - 2021-01-16 11:21:13 --> Call to undefined method CodeIgniter\HTTP\RedirectResponse::action()
#0 C:\Project\PHPProjects\CIProjects\login_register\system\CodeIgniter.php(918): App\Controllers\Book->index('14')
#1 C:\Project\PHPProjects\CIProjects\login_register\system\CodeIgniter.php(404): CodeIgniter\CodeIgniter->runController(Object(App\Controllers\Book))
#2 C:\Project\PHPProjects\CIProjects\login_register\system\CodeIgniter.php(312): CodeIgniter\CodeIgniter->handleRequest(NULL, Object(Config\Cache), false)
#3 C:\Project\PHPProjects\CIProjects\login_register\public\index.php(45): CodeIgniter\CodeIgniter->run()
#4 C:\Project\PHPProjects\CIProjects\login_register\system\Commands\Server\rewrite.php(34): require_once('C:\\Project\\PHPP...')
#5 {main}
CRITICAL - 2021-01-16 11:22:03 -->  route cannot be found while reverse-routing.
#0 C:\Project\PHPProjects\CIProjects\login_register\system\HTTP\RedirectResponse.php(92): CodeIgniter\HTTP\Exceptions\HTTPException::forInvalidRedirectRoute('')
#1 C:\Project\PHPProjects\CIProjects\login_register\app\Controllers\Book.php(43): CodeIgniter\HTTP\RedirectResponse->route(false)
#2 C:\Project\PHPProjects\CIProjects\login_register\system\CodeIgniter.php(918): App\Controllers\Book->index('14')
#3 C:\Project\PHPProjects\CIProjects\login_register\system\CodeIgniter.php(404): CodeIgniter\CodeIgniter->runController(Object(App\Controllers\Book))
#4 C:\Project\PHPProjects\CIProjects\login_register\system\CodeIgniter.php(312): CodeIgniter\CodeIgniter->handleRequest(NULL, Object(Config\Cache), false)
#5 C:\Project\PHPProjects\CIProjects\login_register\public\index.php(45): CodeIgniter\CodeIgniter->run()
#6 C:\Project\PHPProjects\CIProjects\login_register\system\Commands\Server\rewrite.php(34): require_once('C:\\Project\\PHPP...')
#7 {main}
CRITICAL - 2021-01-16 11:22:35 -->  route cannot be found while reverse-routing.
#0 C:\Project\PHPProjects\CIProjects\login_register\system\HTTP\RedirectResponse.php(92): CodeIgniter\HTTP\Exceptions\HTTPException::forInvalidRedirectRoute('')
#1 C:\Project\PHPProjects\CIProjects\login_register\app\Controllers\Book.php(43): CodeIgniter\HTTP\RedirectResponse->route(false)
#2 C:\Project\PHPProjects\CIProjects\login_register\system\CodeIgniter.php(918): App\Controllers\Book->index('14')
#3 C:\Project\PHPProjects\CIProjects\login_register\system\CodeIgniter.php(404): CodeIgniter\CodeIgniter->runController(Object(App\Controllers\Book))
#4 C:\Project\PHPProjects\CIProjects\login_register\system\CodeIgniter.php(312): CodeIgniter\CodeIgniter->handleRequest(NULL, Object(Config\Cache), false)
#5 C:\Project\PHPProjects\CIProjects\login_register\public\index.php(45): CodeIgniter\CodeIgniter->run()
#6 C:\Project\PHPProjects\CIProjects\login_register\system\Commands\Server\rewrite.php(34): require_once('C:\\Project\\PHPP...')
#7 {main}
CRITICAL - 2021-01-16 11:23:13 --> Call to undefined method CodeIgniter\HTTP\RedirectResponse::url()
#0 C:\Project\PHPProjects\CIProjects\login_register\system\CodeIgniter.php(918): App\Controllers\Book->index('14')
#1 C:\Project\PHPProjects\CIProjects\login_register\system\CodeIgniter.php(404): CodeIgniter\CodeIgniter->runController(Object(App\Controllers\Book))
#2 C:\Project\PHPProjects\CIProjects\login_register\system\CodeIgniter.php(312): CodeIgniter\CodeIgniter->handleRequest(NULL, Object(Config\Cache), false)
#3 C:\Project\PHPProjects\CIProjects\login_register\public\index.php(45): CodeIgniter\CodeIgniter->run()
#4 C:\Project\PHPProjects\CIProjects\login_register\system\Commands\Server\rewrite.php(34): require_once('C:\\Project\\PHPP...')
#5 {main}
CRITICAL - 2021-01-16 11:23:50 --> Call to undefined method CodeIgniter\HTTP\RedirectResponse::url()
#0 C:\Project\PHPProjects\CIProjects\login_register\system\CodeIgniter.php(918): App\Controllers\Book->index('14')
#1 C:\Project\PHPProjects\CIProjects\login_register\system\CodeIgniter.php(404): CodeIgniter\CodeIgniter->runController(Object(App\Controllers\Book))
#2 C:\Project\PHPProjects\CIProjects\login_register\system\CodeIgniter.php(312): CodeIgniter\CodeIgniter->handleRequest(NULL, Object(Config\Cache), false)
#3 C:\Project\PHPProjects\CIProjects\login_register\public\index.php(45): CodeIgniter\CodeIgniter->run()
#4 C:\Project\PHPProjects\CIProjects\login_register\system\Commands\Server\rewrite.php(34): require_once('C:\\Project\\PHPP...')
#5 {main}
CRITICAL - 2021-01-16 11:25:06 --> syntax error, unexpected '{', expecting ')'
#0 C:\Project\PHPProjects\CIProjects\login_register\system\Autoloader\Autoloader.php(296): CodeIgniter\Autoloader\Autoloader->requireFile('C:\\Project\\PHPP...')
#1 C:\Project\PHPProjects\CIProjects\login_register\system\Autoloader\Autoloader.php(258): CodeIgniter\Autoloader\Autoloader->loadInNamespace('App\\Controllers...')
#2 [internal function]: CodeIgniter\Autoloader\Autoloader->loadClass('App\\Controllers...')
#3 [internal function]: spl_autoload_call('App\\Controllers...')
#4 C:\Project\PHPProjects\CIProjects\login_register\system\CodeIgniter.php(869): class_exists('\\App\\Controller...', true)
#5 C:\Project\PHPProjects\CIProjects\login_register\system\CodeIgniter.php(394): CodeIgniter\CodeIgniter->startController()
#6 C:\Project\PHPProjects\CIProjects\login_register\system\CodeIgniter.php(312): CodeIgniter\CodeIgniter->handleRequest(NULL, Object(Config\Cache), false)
#7 C:\Project\PHPProjects\CIProjects\login_register\public\index.php(45): CodeIgniter\CodeIgniter->run()
#8 C:\Project\PHPProjects\CIProjects\login_register\system\Commands\Server\rewrite.php(34): require_once('C:\\Project\\PHPP...')
#9 {main}
CRITICAL - 2021-01-16 11:25:08 --> syntax error, unexpected '{', expecting ')'
#0 C:\Project\PHPProjects\CIProjects\login_register\system\Autoloader\Autoloader.php(296): CodeIgniter\Autoloader\Autoloader->requireFile('C:\\Project\\PHPP...')
#1 C:\Project\PHPProjects\CIProjects\login_register\system\Autoloader\Autoloader.php(258): CodeIgniter\Autoloader\Autoloader->loadInNamespace('App\\Controllers...')
#2 [internal function]: CodeIgniter\Autoloader\Autoloader->loadClass('App\\Controllers...')
#3 [internal function]: spl_autoload_call('App\\Controllers...')
#4 C:\Project\PHPProjects\CIProjects\login_register\system\CodeIgniter.php(869): class_exists('\\App\\Controller...', true)
#5 C:\Project\PHPProjects\CIProjects\login_register\system\CodeIgniter.php(394): CodeIgniter\CodeIgniter->startController()
#6 C:\Project\PHPProjects\CIProjects\login_register\system\CodeIgniter.php(312): CodeIgniter\CodeIgniter->handleRequest(NULL, Object(Config\Cache), false)
#7 C:\Project\PHPProjects\CIProjects\login_register\public\index.php(45): CodeIgniter\CodeIgniter->run()
#8 C:\Project\PHPProjects\CIProjects\login_register\system\Commands\Server\rewrite.php(34): require_once('C:\\Project\\PHPP...')
#9 {main}
CRITICAL - 2021-01-16 11:25:42 --> syntax error, unexpected ':', expecting ']'
#0 C:\Project\PHPProjects\CIProjects\login_register\system\Autoloader\Autoloader.php(296): CodeIgniter\Autoloader\Autoloader->requireFile('C:\\Project\\PHPP...')
#1 C:\Project\PHPProjects\CIProjects\login_register\system\Autoloader\Autoloader.php(258): CodeIgniter\Autoloader\Autoloader->loadInNamespace('App\\Controllers...')
#2 [internal function]: CodeIgniter\Autoloader\Autoloader->loadClass('App\\Controllers...')
#3 [internal function]: spl_autoload_call('App\\Controllers...')
#4 C:\Project\PHPProjects\CIProjects\login_register\system\CodeIgniter.php(869): class_exists('\\App\\Controller...', true)
#5 C:\Project\PHPProjects\CIProjects\login_register\system\CodeIgniter.php(394): CodeIgniter\CodeIgniter->startController()
#6 C:\Project\PHPProjects\CIProjects\login_register\system\CodeIgniter.php(312): CodeIgniter\CodeIgniter->handleRequest(NULL, Object(Config\Cache), false)
#7 C:\Project\PHPProjects\CIProjects\login_register\public\index.php(45): CodeIgniter\CodeIgniter->run()
#8 C:\Project\PHPProjects\CIProjects\login_register\system\Commands\Server\rewrite.php(34): require_once('C:\\Project\\PHPP...')
#9 {main}
CRITICAL - 2021-01-16 18:22:22 --> Undefined property: stdClass::$harga
#0 C:\Project\PHPProjects\CIProjects\login_register\app\Views\main\book.php(124): CodeIgniter\Debug\Exceptions->errorHandler(8, 'Undefined prope...', 'C:\\Project\\PHPP...', 124, Array)
#1 C:\Project\PHPProjects\CIProjects\login_register\system\View\View.php(246): include('C:\\Project\\PHPP...')
#2 C:\Project\PHPProjects\CIProjects\login_register\system\Common.php(1119): CodeIgniter\View\View->render('main/book', Array, true)
#3 C:\Project\PHPProjects\CIProjects\login_register\app\Controllers\Book.php(45): view('main/book', Array)
#4 C:\Project\PHPProjects\CIProjects\login_register\system\CodeIgniter.php(918): App\Controllers\Book->index('13')
#5 C:\Project\PHPProjects\CIProjects\login_register\system\CodeIgniter.php(404): CodeIgniter\CodeIgniter->runController(Object(App\Controllers\Book))
#6 C:\Project\PHPProjects\CIProjects\login_register\system\CodeIgniter.php(312): CodeIgniter\CodeIgniter->handleRequest(NULL, Object(Config\Cache), false)
#7 C:\Project\PHPProjects\CIProjects\login_register\public\index.php(45): CodeIgniter\CodeIgniter->run()
#8 C:\Project\PHPProjects\CIProjects\login_register\system\Commands\Server\rewrite.php(34): require_once('C:\\Project\\PHPP...')
#9 {main}
CRITICAL - 2021-01-16 18:23:14 --> Undefined variable: jenis_bayar
#0 C:\Project\PHPProjects\CIProjects\login_register\app\Views\main\book.php(79): CodeIgniter\Debug\Exceptions->errorHandler(8, 'Undefined varia...', 'C:\\Project\\PHPP...', 79, Array)
#1 C:\Project\PHPProjects\CIProjects\login_register\system\View\View.php(246): include('C:\\Project\\PHPP...')
#2 C:\Project\PHPProjects\CIProjects\login_register\system\Common.php(1119): CodeIgniter\View\View->render('main/book', Array, true)
#3 C:\Project\PHPProjects\CIProjects\login_register\app\Controllers\Book.php(43): view('main/book', Array)
#4 C:\Project\PHPProjects\CIProjects\login_register\system\CodeIgniter.php(918): App\Controllers\Book->index('13')
#5 C:\Project\PHPProjects\CIProjects\login_register\system\CodeIgniter.php(404): CodeIgniter\CodeIgniter->runController(Object(App\Controllers\Book))
#6 C:\Project\PHPProjects\CIProjects\login_register\system\CodeIgniter.php(312): CodeIgniter\CodeIgniter->handleRequest(NULL, Object(Config\Cache), false)
#7 C:\Project\PHPProjects\CIProjects\login_register\public\index.php(45): CodeIgniter\CodeIgniter->run()
#8 C:\Project\PHPProjects\CIProjects\login_register\system\Commands\Server\rewrite.php(34): require_once('C:\\Project\\PHPP...')
#9 {main}
CRITICAL - 2021-01-16 18:46:42 --> Array to string conversion
#0 C:\Project\PHPProjects\CIProjects\login_register\app\Controllers\Book.php(65): CodeIgniter\Debug\Exceptions->errorHandler(8, 'Array to string...', 'C:\\Project\\PHPP...', 65, Array)
#1 C:\Project\PHPProjects\CIProjects\login_register\system\CodeIgniter.php(918): App\Controllers\Book->add()
#2 C:\Project\PHPProjects\CIProjects\login_register\system\CodeIgniter.php(404): CodeIgniter\CodeIgniter->runController(Object(App\Controllers\Book))
#3 C:\Project\PHPProjects\CIProjects\login_register\system\CodeIgniter.php(312): CodeIgniter\CodeIgniter->handleRequest(NULL, Object(Config\Cache), false)
#4 C:\Project\PHPProjects\CIProjects\login_register\public\index.php(45): CodeIgniter\CodeIgniter->run()
#5 C:\Project\PHPProjects\CIProjects\login_register\system\Commands\Server\rewrite.php(34): require_once('C:\\Project\\PHPP...')
#6 {main}
CRITICAL - 2021-01-16 18:46:53 --> Array to string conversion
#0 C:\Project\PHPProjects\CIProjects\login_register\app\Controllers\Book.php(65): CodeIgniter\Debug\Exceptions->errorHandler(8, 'Array to string...', 'C:\\Project\\PHPP...', 65, Array)
#1 C:\Project\PHPProjects\CIProjects\login_register\system\CodeIgniter.php(918): App\Controllers\Book->add()
#2 C:\Project\PHPProjects\CIProjects\login_register\system\CodeIgniter.php(404): CodeIgniter\CodeIgniter->runController(Object(App\Controllers\Book))
#3 C:\Project\PHPProjects\CIProjects\login_register\system\CodeIgniter.php(312): CodeIgniter\CodeIgniter->handleRequest(NULL, Object(Config\Cache), false)
#4 C:\Project\PHPProjects\CIProjects\login_register\public\index.php(45): CodeIgniter\CodeIgniter->run()
#5 C:\Project\PHPProjects\CIProjects\login_register\system\Commands\Server\rewrite.php(34): require_once('C:\\Project\\PHPP...')
#6 {main}
CRITICAL - 2021-01-16 18:53:33 --> Array to string conversion
#0 C:\Project\PHPProjects\CIProjects\login_register\app\Controllers\Book.php(66): CodeIgniter\Debug\Exceptions->errorHandler(8, 'Array to string...', 'C:\\Project\\PHPP...', 66, Array)
#1 C:\Project\PHPProjects\CIProjects\login_register\system\CodeIgniter.php(918): App\Controllers\Book->add()
#2 C:\Project\PHPProjects\CIProjects\login_register\system\CodeIgniter.php(404): CodeIgniter\CodeIgniter->runController(Object(App\Controllers\Book))
#3 C:\Project\PHPProjects\CIProjects\login_register\system\CodeIgniter.php(312): CodeIgniter\CodeIgniter->handleRequest(NULL, Object(Config\Cache), false)
#4 C:\Project\PHPProjects\CIProjects\login_register\public\index.php(45): CodeIgniter\CodeIgniter->run()
#5 C:\Project\PHPProjects\CIProjects\login_register\system\Commands\Server\rewrite.php(34): require_once('C:\\Project\\PHPP...')
#6 {main}
CRITICAL - 2021-01-16 18:53:38 --> Array to string conversion
#0 C:\Project\PHPProjects\CIProjects\login_register\app\Controllers\Book.php(66): CodeIgniter\Debug\Exceptions->errorHandler(8, 'Array to string...', 'C:\\Project\\PHPP...', 66, Array)
#1 C:\Project\PHPProjects\CIProjects\login_register\system\CodeIgniter.php(918): App\Controllers\Book->add()
#2 C:\Project\PHPProjects\CIProjects\login_register\system\CodeIgniter.php(404): CodeIgniter\CodeIgniter->runController(Object(App\Controllers\Book))
#3 C:\Project\PHPProjects\CIProjects\login_register\system\CodeIgniter.php(312): CodeIgniter\CodeIgniter->handleRequest(NULL, Object(Config\Cache), false)
#4 C:\Project\PHPProjects\CIProjects\login_register\public\index.php(45): CodeIgniter\CodeIgniter->run()
#5 C:\Project\PHPProjects\CIProjects\login_register\system\Commands\Server\rewrite.php(34): require_once('C:\\Project\\PHPP...')
#6 {main}
CRITICAL - 2021-01-16 18:53:38 --> Array to string conversion
#0 C:\Project\PHPProjects\CIProjects\login_register\app\Controllers\Book.php(66): CodeIgniter\Debug\Exceptions->errorHandler(8, 'Array to string...', 'C:\\Project\\PHPP...', 66, Array)
#1 C:\Project\PHPProjects\CIProjects\login_register\system\CodeIgniter.php(918): App\Controllers\Book->add()
#2 C:\Project\PHPProjects\CIProjects\login_register\system\CodeIgniter.php(404): CodeIgniter\CodeIgniter->runController(Object(App\Controllers\Book))
#3 C:\Project\PHPProjects\CIProjects\login_register\system\CodeIgniter.php(312): CodeIgniter\CodeIgniter->handleRequest(NULL, Object(Config\Cache), false)
#4 C:\Project\PHPProjects\CIProjects\login_register\public\index.php(45): CodeIgniter\CodeIgniter->run()
#5 C:\Project\PHPProjects\CIProjects\login_register\system\Commands\Server\rewrite.php(34): require_once('C:\\Project\\PHPP...')
#6 {main}
CRITICAL - 2021-01-16 18:53:38 --> Array to string conversion
#0 C:\Project\PHPProjects\CIProjects\login_register\app\Controllers\Book.php(66): CodeIgniter\Debug\Exceptions->errorHandler(8, 'Array to string...', 'C:\\Project\\PHPP...', 66, Array)
#1 C:\Project\PHPProjects\CIProjects\login_register\system\CodeIgniter.php(918): App\Controllers\Book->add()
#2 C:\Project\PHPProjects\CIProjects\login_register\system\CodeIgniter.php(404): CodeIgniter\CodeIgniter->runController(Object(App\Controllers\Book))
#3 C:\Project\PHPProjects\CIProjects\login_register\system\CodeIgniter.php(312): CodeIgniter\CodeIgniter->handleRequest(NULL, Object(Config\Cache), false)
#4 C:\Project\PHPProjects\CIProjects\login_register\public\index.php(45): CodeIgniter\CodeIgniter->run()
#5 C:\Project\PHPProjects\CIProjects\login_register\system\Commands\Server\rewrite.php(34): require_once('C:\\Project\\PHPP...')
#6 {main}
CRITICAL - 2021-01-16 18:53:39 --> Array to string conversion
#0 C:\Project\PHPProjects\CIProjects\login_register\app\Controllers\Book.php(66): CodeIgniter\Debug\Exceptions->errorHandler(8, 'Array to string...', 'C:\\Project\\PHPP...', 66, Array)
#1 C:\Project\PHPProjects\CIProjects\login_register\system\CodeIgniter.php(918): App\Controllers\Book->add()
#2 C:\Project\PHPProjects\CIProjects\login_register\system\CodeIgniter.php(404): CodeIgniter\CodeIgniter->runController(Object(App\Controllers\Book))
#3 C:\Project\PHPProjects\CIProjects\login_register\system\CodeIgniter.php(312): CodeIgniter\CodeIgniter->handleRequest(NULL, Object(Config\Cache), false)
#4 C:\Project\PHPProjects\CIProjects\login_register\public\index.php(45): CodeIgniter\CodeIgniter->run()
#5 C:\Project\PHPProjects\CIProjects\login_register\system\Commands\Server\rewrite.php(34): require_once('C:\\Project\\PHPP...')
#6 {main}
CRITICAL - 2021-01-16 18:53:39 --> Array to string conversion
#0 C:\Project\PHPProjects\CIProjects\login_register\app\Controllers\Book.php(66): CodeIgniter\Debug\Exceptions->errorHandler(8, 'Array to string...', 'C:\\Project\\PHPP...', 66, Array)
#1 C:\Project\PHPProjects\CIProjects\login_register\system\CodeIgniter.php(918): App\Controllers\Book->add()
#2 C:\Project\PHPProjects\CIProjects\login_register\system\CodeIgniter.php(404): CodeIgniter\CodeIgniter->runController(Object(App\Controllers\Book))
#3 C:\Project\PHPProjects\CIProjects\login_register\system\CodeIgniter.php(312): CodeIgniter\CodeIgniter->handleRequest(NULL, Object(Config\Cache), false)
#4 C:\Project\PHPProjects\CIProjects\login_register\public\index.php(45): CodeIgniter\CodeIgniter->run()
#5 C:\Project\PHPProjects\CIProjects\login_register\system\Commands\Server\rewrite.php(34): require_once('C:\\Project\\PHPP...')
#6 {main}
CRITICAL - 2021-01-16 20:53:30 --> Class 'App\Models\PesananModel' not found
#0 C:\Project\PHPProjects\CIProjects\login_register\system\CodeIgniter.php(918): App\Controllers\Dashboard->index()
#1 C:\Project\PHPProjects\CIProjects\login_register\system\CodeIgniter.php(404): CodeIgniter\CodeIgniter->runController(Object(App\Controllers\Dashboard))
#2 C:\Project\PHPProjects\CIProjects\login_register\system\CodeIgniter.php(312): CodeIgniter\CodeIgniter->handleRequest(NULL, Object(Config\Cache), false)
#3 C:\Project\PHPProjects\CIProjects\login_register\public\index.php(45): CodeIgniter\CodeIgniter->run()
#4 C:\Project\PHPProjects\CIProjects\login_register\system\Commands\Server\rewrite.php(34): require_once('C:\\Project\\PHPP...')
#5 {main}
CRITICAL - 2021-01-16 20:58:29 --> Trying to get property 'id' of non-object
#0 C:\Project\PHPProjects\CIProjects\login_register\app\Views\main\merk.php(48): CodeIgniter\Debug\Exceptions->errorHandler(8, 'Trying to get p...', 'C:\\Project\\PHPP...', 48, Array)
#1 C:\Project\PHPProjects\CIProjects\login_register\system\View\View.php(246): include('C:\\Project\\PHPP...')
#2 C:\Project\PHPProjects\CIProjects\login_register\system\Common.php(1119): CodeIgniter\View\View->render('main/merk', Array, true)
#3 C:\Project\PHPProjects\CIProjects\login_register\app\Controllers\Merk.php(34): view('main/merk', Array)
#4 C:\Project\PHPProjects\CIProjects\login_register\system\CodeIgniter.php(918): App\Controllers\Merk->index()
#5 C:\Project\PHPProjects\CIProjects\login_register\system\CodeIgniter.php(404): CodeIgniter\CodeIgniter->runController(Object(App\Controllers\Merk))
#6 C:\Project\PHPProjects\CIProjects\login_register\system\CodeIgniter.php(312): CodeIgniter\CodeIgniter->handleRequest(NULL, Object(Config\Cache), false)
#7 C:\Project\PHPProjects\CIProjects\login_register\public\index.php(45): CodeIgniter\CodeIgniter->run()
#8 C:\Project\PHPProjects\CIProjects\login_register\system\Commands\Server\rewrite.php(34): require_once('C:\\Project\\PHPP...')
#9 {main}
CRITICAL - 2021-01-16 22:42:29 --> Undefined variable: merk
#0 C:\Project\PHPProjects\CIProjects\login_register\app\Views\main\tambah_merk.php(35): CodeIgniter\Debug\Exceptions->errorHandler(8, 'Undefined varia...', 'C:\\Project\\PHPP...', 35, Array)
#1 C:\Project\PHPProjects\CIProjects\login_register\system\View\View.php(246): include('C:\\Project\\PHPP...')
#2 C:\Project\PHPProjects\CIProjects\login_register\system\Common.php(1119): CodeIgniter\View\View->render('main/tambah_mer...', Array, true)
#3 C:\Project\PHPProjects\CIProjects\login_register\app\Controllers\Merk.php(78): view('main/tambah_mer...', Array)
#4 C:\Project\PHPProjects\CIProjects\login_register\system\CodeIgniter.php(918): App\Controllers\Merk->tambah()
#5 C:\Project\PHPProjects\CIProjects\login_register\system\CodeIgniter.php(404): CodeIgniter\CodeIgniter->runController(Object(App\Controllers\Merk))
#6 C:\Project\PHPProjects\CIProjects\login_register\system\CodeIgniter.php(312): CodeIgniter\CodeIgniter->handleRequest(NULL, Object(Config\Cache), false)
#7 C:\Project\PHPProjects\CIProjects\login_register\public\index.php(45): CodeIgniter\CodeIgniter->run()
#8 C:\Project\PHPProjects\CIProjects\login_register\system\Commands\Server\rewrite.php(34): require_once('C:\\Project\\PHPP...')
#9 {main}
CRITICAL - 2021-01-16 22:43:30 --> Undefined variable: merk
#0 C:\Project\PHPProjects\CIProjects\login_register\app\Views\main\tambah_merk.php(35): CodeIgniter\Debug\Exceptions->errorHandler(8, 'Undefined varia...', 'C:\\Project\\PHPP...', 35, Array)
#1 C:\Project\PHPProjects\CIProjects\login_register\system\View\View.php(246): include('C:\\Project\\PHPP...')
#2 C:\Project\PHPProjects\CIProjects\login_register\system\Common.php(1119): CodeIgniter\View\View->render('main/tambah_mer...', Array, true)
#3 C:\Project\PHPProjects\CIProjects\login_register\app\Controllers\Merk.php(78): view('main/tambah_mer...', Array)
#4 C:\Project\PHPProjects\CIProjects\login_register\system\CodeIgniter.php(918): App\Controllers\Merk->tambah()
#5 C:\Project\PHPProjects\CIProjects\login_register\system\CodeIgniter.php(404): CodeIgniter\CodeIgniter->runController(Object(App\Controllers\Merk))
#6 C:\Project\PHPProjects\CIProjects\login_register\system\CodeIgniter.php(312): CodeIgniter\CodeIgniter->handleRequest(NULL, Object(Config\Cache), false)
#7 C:\Project\PHPProjects\CIProjects\login_register\public\index.php(45): CodeIgniter\CodeIgniter->run()
#8 C:\Project\PHPProjects\CIProjects\login_register\system\Commands\Server\rewrite.php(34): require_once('C:\\Project\\PHPP...')
#9 {main}
CRITICAL - 2021-01-16 22:43:40 --> Undefined variable: data
#0 C:\Project\PHPProjects\CIProjects\login_register\app\Views\main\tambah_merk.php(39): CodeIgniter\Debug\Exceptions->errorHandler(8, 'Undefined varia...', 'C:\\Project\\PHPP...', 39, Array)
#1 C:\Project\PHPProjects\CIProjects\login_register\system\View\View.php(246): include('C:\\Project\\PHPP...')
#2 C:\Project\PHPProjects\CIProjects\login_register\system\Common.php(1119): CodeIgniter\View\View->render('main/tambah_mer...', Array, true)
#3 C:\Project\PHPProjects\CIProjects\login_register\app\Controllers\Merk.php(78): view('main/tambah_mer...', Array)
#4 C:\Project\PHPProjects\CIProjects\login_register\system\CodeIgniter.php(918): App\Controllers\Merk->tambah()
#5 C:\Project\PHPProjects\CIProjects\login_register\system\CodeIgniter.php(404): CodeIgniter\CodeIgniter->runController(Object(App\Controllers\Merk))
#6 C:\Project\PHPProjects\CIProjects\login_register\system\CodeIgniter.php(312): CodeIgniter\CodeIgniter->handleRequest(NULL, Object(Config\Cache), false)
#7 C:\Project\PHPProjects\CIProjects\login_register\public\index.php(45): CodeIgniter\CodeIgniter->run()
#8 C:\Project\PHPProjects\CIProjects\login_register\system\Commands\Server\rewrite.php(34): require_once('C:\\Project\\PHPP...')
#9 {main}
CRITICAL - 2021-01-16 22:47:25 --> Invalid file: merk/tambah/.php
#0 C:\Project\PHPProjects\CIProjects\login_register\system\View\View.php(228): CodeIgniter\Exceptions\FrameworkException::forInvalidFile('merk/tambah/.ph...')
#1 C:\Project\PHPProjects\CIProjects\login_register\system\Common.php(1119): CodeIgniter\View\View->render('merk/tambah/', Array, true)
#2 C:\Project\PHPProjects\CIProjects\login_register\app\Controllers\Merk.php(111): view('merk/tambah/', Array)
#3 C:\Project\PHPProjects\CIProjects\login_register\system\CodeIgniter.php(918): App\Controllers\Merk->add()
#4 C:\Project\PHPProjects\CIProjects\login_register\system\CodeIgniter.php(404): CodeIgniter\CodeIgniter->runController(Object(App\Controllers\Merk))
#5 C:\Project\PHPProjects\CIProjects\login_register\system\CodeIgniter.php(312): CodeIgniter\CodeIgniter->handleRequest(NULL, Object(Config\Cache), false)
#6 C:\Project\PHPProjects\CIProjects\login_register\public\index.php(45): CodeIgniter\CodeIgniter->run()
#7 C:\Project\PHPProjects\CIProjects\login_register\system\Commands\Server\rewrite.php(34): require_once('C:\\Project\\PHPP...')
#8 {main}
CRITICAL - 2021-01-16 22:52:26 --> Class 'App\Controllers\MerkModel' not found
#0 C:\Project\PHPProjects\CIProjects\login_register\system\CodeIgniter.php(918): App\Controllers\Mobil->ubah('13')
#1 C:\Project\PHPProjects\CIProjects\login_register\system\CodeIgniter.php(404): CodeIgniter\CodeIgniter->runController(Object(App\Controllers\Mobil))
#2 C:\Project\PHPProjects\CIProjects\login_register\system\CodeIgniter.php(312): CodeIgniter\CodeIgniter->handleRequest(NULL, Object(Config\Cache), false)
#3 C:\Project\PHPProjects\CIProjects\login_register\public\index.php(45): CodeIgniter\CodeIgniter->run()
#4 C:\Project\PHPProjects\CIProjects\login_register\system\Commands\Server\rewrite.php(34): require_once('C:\\Project\\PHPP...')
#5 {main}
CRITICAL - 2021-01-16 22:55:09 --> Undefined variable: merk
#0 C:\Project\PHPProjects\CIProjects\login_register\app\Views\main\tambah_mobil.php(35): CodeIgniter\Debug\Exceptions->errorHandler(8, 'Undefined varia...', 'C:\\Project\\PHPP...', 35, Array)
#1 C:\Project\PHPProjects\CIProjects\login_register\system\View\View.php(246): include('C:\\Project\\PHPP...')
#2 C:\Project\PHPProjects\CIProjects\login_register\system\Common.php(1119): CodeIgniter\View\View->render('main/tambah_mob...', Array, true)
#3 C:\Project\PHPProjects\CIProjects\login_register\app\Controllers\Mobil.php(84): view('main/tambah_mob...', Array)
#4 C:\Project\PHPProjects\CIProjects\login_register\system\CodeIgniter.php(918): App\Controllers\Mobil->tambah()
#5 C:\Project\PHPProjects\CIProjects\login_register\system\CodeIgniter.php(404): CodeIgniter\CodeIgniter->runController(Object(App\Controllers\Mobil))
#6 C:\Project\PHPProjects\CIProjects\login_register\system\CodeIgniter.php(312): CodeIgniter\CodeIgniter->handleRequest(NULL, Object(Config\Cache), false)
#7 C:\Project\PHPProjects\CIProjects\login_register\public\index.php(45): CodeIgniter\CodeIgniter->run()
#8 C:\Project\PHPProjects\CIProjects\login_register\system\Commands\Server\rewrite.php(34): require_once('C:\\Project\\PHPP...')
#9 {main}
CRITICAL - 2021-01-16 23:27:56 --> syntax error, unexpected ';', expecting ')'
#0 C:\Project\PHPProjects\CIProjects\login_register\system\Router\Router.php(195): CodeIgniter\Router\Router->autoRoute('mobil/add')
#1 C:\Project\PHPProjects\CIProjects\login_register\system\CodeIgniter.php(793): CodeIgniter\Router\Router->handle('mobil/add')
#2 C:\Project\PHPProjects\CIProjects\login_register\system\CodeIgniter.php(364): CodeIgniter\CodeIgniter->tryToRouteIt(Object(CodeIgniter\Router\RouteCollection))
#3 C:\Project\PHPProjects\CIProjects\login_register\system\CodeIgniter.php(312): CodeIgniter\CodeIgniter->handleRequest(NULL, Object(Config\Cache), false)
#4 C:\Project\PHPProjects\CIProjects\login_register\public\index.php(45): CodeIgniter\CodeIgniter->run()
#5 C:\Project\PHPProjects\CIProjects\login_register\system\Commands\Server\rewrite.php(34): require_once('C:\\Project\\PHPP...')
#6 {main}
CRITICAL - 2021-01-16 23:28:19 --> syntax error, unexpected ';', expecting ')'
#0 C:\Project\PHPProjects\CIProjects\login_register\system\Router\Router.php(195): CodeIgniter\Router\Router->autoRoute('mobil/add')
#1 C:\Project\PHPProjects\CIProjects\login_register\system\CodeIgniter.php(793): CodeIgniter\Router\Router->handle('mobil/add')
#2 C:\Project\PHPProjects\CIProjects\login_register\system\CodeIgniter.php(364): CodeIgniter\CodeIgniter->tryToRouteIt(Object(CodeIgniter\Router\RouteCollection))
#3 C:\Project\PHPProjects\CIProjects\login_register\system\CodeIgniter.php(312): CodeIgniter\CodeIgniter->handleRequest(NULL, Object(Config\Cache), false)
#4 C:\Project\PHPProjects\CIProjects\login_register\public\index.php(45): CodeIgniter\CodeIgniter->run()
#5 C:\Project\PHPProjects\CIProjects\login_register\system\Commands\Server\rewrite.php(34): require_once('C:\\Project\\PHPP...')
#6 {main}
CRITICAL - 2021-01-16 23:37:00 --> Undefined variable: merk
#0 C:\Project\PHPProjects\CIProjects\login_register\app\Views\main\edit_mobil.php(35): CodeIgniter\Debug\Exceptions->errorHandler(8, 'Undefined varia...', 'C:\\Project\\PHPP...', 35, Array)
#1 C:\Project\PHPProjects\CIProjects\login_register\system\View\View.php(246): include('C:\\Project\\PHPP...')
#2 C:\Project\PHPProjects\CIProjects\login_register\system\Common.php(1119): CodeIgniter\View\View->render('main/edit_mobil', Array, true)
#3 C:\Project\PHPProjects\CIProjects\login_register\app\Controllers\Mobil.php(66): view('main/edit_mobil', Array)
#4 C:\Project\PHPProjects\CIProjects\login_register\system\CodeIgniter.php(918): App\Controllers\Mobil->ubah('14')
#5 C:\Project\PHPProjects\CIProjects\login_register\system\CodeIgniter.php(404): CodeIgniter\CodeIgniter->runController(Object(App\Controllers\Mobil))
#6 C:\Project\PHPProjects\CIProjects\login_register\system\CodeIgniter.php(312): CodeIgniter\CodeIgniter->handleRequest(NULL, Object(Config\Cache), false)
#7 C:\Project\PHPProjects\CIProjects\login_register\public\index.php(45): CodeIgniter\CodeIgniter->run()
#8 C:\Project\PHPProjects\CIProjects\login_register\system\Commands\Server\rewrite.php(34): require_once('C:\\Project\\PHPP...')
#9 {main}
CRITICAL - 2021-01-16 23:41:41 --> Trying to get property 'id_merk' of non-object
#0 C:\Project\PHPProjects\CIProjects\login_register\app\Views\main\edit_mobil.php(42): CodeIgniter\Debug\Exceptions->errorHandler(8, 'Trying to get p...', 'C:\\Project\\PHPP...', 42, Array)
#1 C:\Project\PHPProjects\CIProjects\login_register\system\View\View.php(246): include('C:\\Project\\PHPP...')
#2 C:\Project\PHPProjects\CIProjects\login_register\system\Common.php(1119): CodeIgniter\View\View->render('main/edit_mobil', Array, true)
#3 C:\Project\PHPProjects\CIProjects\login_register\app\Controllers\Mobil.php(71): view('main/edit_mobil', Array)
#4 C:\Project\PHPProjects\CIProjects\login_register\system\CodeIgniter.php(918): App\Controllers\Mobil->ubah('14')
#5 C:\Project\PHPProjects\CIProjects\login_register\system\CodeIgniter.php(404): CodeIgniter\CodeIgniter->runController(Object(App\Controllers\Mobil))
#6 C:\Project\PHPProjects\CIProjects\login_register\system\CodeIgniter.php(312): CodeIgniter\CodeIgniter->handleRequest(NULL, Object(Config\Cache), false)
#7 C:\Project\PHPProjects\CIProjects\login_register\public\index.php(45): CodeIgniter\CodeIgniter->run()
#8 C:\Project\PHPProjects\CIProjects\login_register\system\Commands\Server\rewrite.php(34): require_once('C:\\Project\\PHPP...')
#9 {main}
CRITICAL - 2021-01-16 23:46:53 --> number_format() expects parameter 2 to be int, string given
#0 [internal function]: CodeIgniter\Debug\Exceptions->errorHandler(2, 'number_format()...', 'C:\\Project\\PHPP...', 85, Array)
#1 C:\Project\PHPProjects\CIProjects\login_register\app\Views\main\edit_mobil.php(85): number_format('150000', ',', '.')
#2 C:\Project\PHPProjects\CIProjects\login_register\system\View\View.php(246): include('C:\\Project\\PHPP...')
#3 C:\Project\PHPProjects\CIProjects\login_register\system\Common.php(1119): CodeIgniter\View\View->render('main/edit_mobil', Array, true)
#4 C:\Project\PHPProjects\CIProjects\login_register\app\Controllers\Mobil.php(71): view('main/edit_mobil', Array)
#5 C:\Project\PHPProjects\CIProjects\login_register\system\CodeIgniter.php(918): App\Controllers\Mobil->ubah('14')
#6 C:\Project\PHPProjects\CIProjects\login_register\system\CodeIgniter.php(404): CodeIgniter\CodeIgniter->runController(Object(App\Controllers\Mobil))
#7 C:\Project\PHPProjects\CIProjects\login_register\system\CodeIgniter.php(312): CodeIgniter\CodeIgniter->handleRequest(NULL, Object(Config\Cache), false)
#8 C:\Project\PHPProjects\CIProjects\login_register\public\index.php(45): CodeIgniter\CodeIgniter->run()
#9 C:\Project\PHPProjects\CIProjects\login_register\system\Commands\Server\rewrite.php(34): require_once('C:\\Project\\PHPP...')
#10 {main}
CRITICAL - 2021-01-16 23:59:57 --> Cannot redeclare App\Controllers\Mobil::ubah()
#0 [internal function]: CodeIgniter\Debug\Exceptions->shutdownHandler()
#1 {main}
